{"contracts/governance/BondlyDAO.sol":{"l":{"109":0,"110":0,"114":0,"115":0,"119":0,"120":0,"124":0,"125":0,"137":134,"138":134,"139":134,"140":134,"141":134,"142":134,"143":134,"144":134,"145":134,"146":134,"147":134,"148":134,"158":43,"159":43,"172":5,"173":5,"174":5,"175":4,"176":3,"177":2,"178":1,"179":0,"180":0,"183":0,"185":0,"187":0,"189":0,"190":0,"191":0,"192":0,"193":0,"194":0,"195":0,"196":0,"197":0,"198":0,"199":0,"200":0,"201":0,"202":0,"203":0,"204":0,"205":0,"207":0,"208":0,"209":0,"210":0,"219":0,"220":0,"221":0,"222":0,"224":0,"226":0,"227":0,"228":0,"229":0,"230":0,"231":0,"232":0,"233":0,"235":0,"236":0,"238":0,"240":0,"241":0,"244":0,"252":0,"253":0,"254":0,"255":0,"256":0,"257":0,"258":0,"260":0,"268":0,"269":0,"270":0,"271":0,"273":0,"274":0,"275":0,"276":0,"278":0,"279":0,"280":0,"281":0,"282":0,"283":0,"284":0,"285":0,"286":0,"288":0,"289":0,"290":0,"291":0,"292":0,"293":0,"295":0,"296":0,"298":0,"299":0,"301":0,"302":0,"303":0,"305":0,"306":0,"309":0,"312":0,"313":0,"320":0,"321":0,"322":0,"323":0,"330":0,"331":0,"334":0,"350":0,"352":0,"353":0,"354":0,"356":0,"359":0,"370":0,"392":1,"393":1,"416":0,"425":0,"435":1,"443":0,"444":0,"456":0,"457":0,"458":0,"459":0,"467":0,"468":0,"470":0,"471":0,"481":0,"482":0,"483":0,"484":0,"485":0,"493":0,"494":0,"495":0,"496":0,"497":0,"506":0,"507":0,"521":1,"522":1,"523":1,"531":4,"532":4,"539":2,"540":2,"548":2,"549":1,"560":0,"566":1,"572":0,"573":0,"582":0,"583":0,"584":0,"594":44,"603":0,"604":0,"605":0,"608":0,"609":0,"610":0,"614":0,"615":0,"618":0},"path":"/Users/wangxintong/CursorProjects/Bondly/bondly-contracts/contracts/governance/BondlyDAO.sol","s":{"1":0,"2":0,"3":0,"4":0,"5":1,"6":134,"7":134,"8":134,"9":134,"10":134,"11":134,"12":43,"13":5,"14":5,"15":5,"16":4,"17":3,"18":2,"19":1,"20":0,"21":0,"22":0,"23":0,"24":0,"25":0,"26":0,"27":0,"28":0,"29":0,"30":0,"31":0,"32":0,"33":0,"34":0,"35":0,"36":0,"37":0,"38":0,"39":0,"40":0,"41":0,"42":0,"43":0,"44":0,"45":0,"46":0,"47":0,"48":0,"49":0,"50":0,"51":0,"52":0,"53":0,"54":0,"55":0,"56":0,"57":0,"58":0,"59":0,"60":0,"61":0,"62":0,"63":0,"64":0,"65":0,"66":0,"67":0,"68":0,"69":0,"70":0,"71":0,"72":0,"73":0,"74":0,"75":0,"76":0,"77":0,"78":0,"79":0,"80":0,"81":0,"82":0,"83":0,"84":0,"85":0,"86":0,"87":0,"88":0,"89":1,"90":1,"91":0,"92":0,"93":1,"94":0,"95":0,"96":0,"97":0,"98":0,"99":0,"100":0,"101":0,"102":0,"103":0,"104":0,"105":0,"106":0,"107":0,"108":0,"109":0,"110":0,"111":4,"112":4,"113":2,"114":2,"115":2,"116":1,"117":0,"118":1,"119":0,"120":0,"121":0,"122":0,"123":0,"124":0,"125":0,"126":0,"127":0,"128":0,"129":0,"130":0},"b":{"1":[0,0],"2":[0,0],"3":[0,0],"4":[0,0],"5":[0,0],"6":[134,1],"7":[134,0],"8":[43,0],"9":[43,0],"10":[6,0],"11":[5,1],"12":[5,0],"13":[5,0],"14":[4,1],"15":[3,1],"16":[2,1],"17":[1,1],"18":[0,1],"19":[0,0],"20":[0,0],"21":[0,0],"22":[0,0],"23":[0,0],"24":[0,0],"25":[0,0],"26":[0,0],"27":[0,0],"28":[0,0],"29":[0,0],"30":[0,0],"31":[0,0],"32":[0,0],"33":[0,0],"34":[0,0],"35":[0,0],"36":[0,0],"37":[0,0],"38":[0,0],"39":[0,0],"40":[0,0],"41":[0,0],"42":[0,0],"43":[0,0],"44":[0,0],"45":[0,0],"46":[0,0],"47":[0,0],"48":[0,0],"49":[0,0],"50":[0,0],"51":[0,0],"52":[0,0],"53":[0,0],"54":[0,0],"55":[0,0],"56":[0,0],"57":[0,0],"58":[0,0],"59":[0,0],"60":[0,0],"61":[0,0],"62":[0,0],"63":[1,1],"64":[4,0],"65":[2,0],"66":[2,1],"67":[1,1],"68":[0,0],"69":[0,0],"70":[0,0],"71":[0,0],"72":[44,0],"73":[0,0],"74":[0,0],"75":[0,0],"76":[0,0],"77":[0,0]},"f":{"1":0,"2":0,"3":0,"4":0,"5":1,"6":134,"7":43,"8":5,"9":0,"10":0,"11":0,"12":0,"13":0,"14":0,"15":0,"16":1,"17":0,"18":0,"19":1,"20":0,"21":0,"22":0,"23":0,"24":0,"25":0,"26":1,"27":4,"28":2,"29":2,"30":0,"31":1,"32":0,"33":0,"34":44,"35":0,"36":0,"37":0,"38":0},"fnMap":{"1":{"name":"onlyVotingContract","line":108,"loc":{"start":{"line":108,"column":4},"end":{"line":111,"column":4}}},"2":{"name":"onlyAuthorizedExecutor","line":113,"loc":{"start":{"line":113,"column":4},"end":{"line":116,"column":4}}},"3":{"name":"proposalExists","line":118,"loc":{"start":{"line":118,"column":4},"end":{"line":121,"column":4}}},"4":{"name":"proposalActive","line":123,"loc":{"start":{"line":123,"column":4},"end":{"line":126,"column":4}}},"5":{"name":"constructor","line":129,"loc":{"start":{"line":129,"column":4},"end":{"line":129,"column":44}}},"6":{"name":"initialize","line":136,"loc":{"start":{"line":136,"column":4},"end":{"line":149,"column":4}}},"7":{"name":"setBondToken","line":157,"loc":{"start":{"line":157,"column":4},"end":{"line":160,"column":4}}},"8":{"name":"createProposal","line":171,"loc":{"start":{"line":165,"column":4},"end":{"line":211,"column":4}}},"9":{"name":"activateProposal","line":218,"loc":{"start":{"line":218,"column":4},"end":{"line":245,"column":4}}},"10":{"name":"recordReputationSnapshots","line":251,"loc":{"start":{"line":251,"column":4},"end":{"line":262,"column":4}}},"11":{"name":"executeProposal","line":267,"loc":{"start":{"line":267,"column":4},"end":{"line":314,"column":4}}},"12":{"name":"_callProposalTarget","line":319,"loc":{"start":{"line":319,"column":4},"end":{"line":324,"column":4}}},"13":{"name":"_getRevertMsg","line":329,"loc":{"start":{"line":329,"column":4},"end":{"line":335,"column":4}}},"14":{"name":"onVote","line":349,"loc":{"start":{"line":344,"column":4},"end":{"line":360,"column":4}}},"15":{"name":"isProposalActive","line":369,"loc":{"start":{"line":369,"column":4},"end":{"line":371,"column":4}}},"16":{"name":"getProposal","line":377,"loc":{"start":{"line":377,"column":4},"end":{"line":408,"column":4}}},"17":{"name":"getProposalSnapshotBlock","line":415,"loc":{"start":{"line":415,"column":4},"end":{"line":417,"column":4}}},"18":{"name":"getProposalVotingDeadline","line":424,"loc":{"start":{"line":424,"column":4},"end":{"line":426,"column":4}}},"19":{"name":"getUserProposals","line":434,"loc":{"start":{"line":434,"column":4},"end":{"line":436,"column":4}}},"20":{"name":"canExecute","line":442,"loc":{"start":{"line":442,"column":4},"end":{"line":449,"column":4}}},"21":{"name":"getVoteResult","line":455,"loc":{"start":{"line":455,"column":4},"end":{"line":460,"column":4}}},"22":{"name":"verifyProposalIntegrity","line":466,"loc":{"start":{"line":466,"column":4},"end":{"line":472,"column":4}}},"23":{"name":"updateVotingContract","line":480,"loc":{"start":{"line":480,"column":4},"end":{"line":486,"column":4}}},"24":{"name":"updateTreasuryContract","line":492,"loc":{"start":{"line":492,"column":4},"end":{"line":498,"column":4}}},"25":{"name":"setAuthorizedExecutor","line":505,"loc":{"start":{"line":505,"column":4},"end":{"line":508,"column":4}}},"26":{"name":"updateGovernanceParameters","line":520,"loc":{"start":{"line":516,"column":4},"end":{"line":524,"column":4}}},"27":{"name":"pause","line":530,"loc":{"start":{"line":530,"column":4},"end":{"line":533,"column":4}}},"28":{"name":"unpause","line":538,"loc":{"start":{"line":538,"column":4},"end":{"line":541,"column":4}}},"29":{"name":"withdrawETH","line":547,"loc":{"start":{"line":547,"column":4},"end":{"line":550,"column":4}}},"30":{"name":"_authorizeUpgrade","line":559,"loc":{"start":{"line":559,"column":4},"end":{"line":562,"column":4}}},"31":{"name":"version","line":565,"loc":{"start":{"line":565,"column":4},"end":{"line":567,"column":4}}},"32":{"name":"updateWeightType","line":571,"loc":{"start":{"line":571,"column":4},"end":{"line":574,"column":4}}},"33":{"name":"requireWhitelistedTarget","line":581,"loc":{"start":{"line":581,"column":4},"end":{"line":585,"column":4}}},"34":{"name":"setAllowedFunction","line":593,"loc":{"start":{"line":593,"column":4},"end":{"line":595,"column":4}}},"35":{"name":"getVotingContract","line":602,"loc":{"start":{"line":602,"column":4},"end":{"line":606,"column":4}}},"36":{"name":"getTreasuryContract","line":607,"loc":{"start":{"line":607,"column":4},"end":{"line":611,"column":4}}},"37":{"name":"updateReputationVault","line":613,"loc":{"start":{"line":613,"column":4},"end":{"line":616,"column":4}}},"38":{"name":"setAllowReputationProposal","line":617,"loc":{"start":{"line":617,"column":4},"end":{"line":619,"column":4}}}},"statementMap":{"1":{"start":{"line":109,"column":8},"end":{"line":109,"column":82}},"2":{"start":{"line":114,"column":8},"end":{"line":114,"column":95}},"3":{"start":{"line":119,"column":8},"end":{"line":119,"column":93}},"4":{"start":{"line":124,"column":8},"end":{"line":124,"column":95}},"5":{"start":{"line":129,"column":20},"end":{"line":129,"column":41}},"6":{"start":{"line":137,"column":8},"end":{"line":137,"column":23}},"7":{"start":{"line":138,"column":8},"end":{"line":138,"column":31}},"8":{"start":{"line":139,"column":8},"end":{"line":139,"column":24}},"9":{"start":{"line":140,"column":8},"end":{"line":140,"column":31}},"10":{"start":{"line":141,"column":8},"end":{"line":141,"column":78}},"11":{"start":{"line":143,"column":8},"end":{"line":143,"column":39}},"12":{"start":{"line":158,"column":8},"end":{"line":158,"column":66}},"13":{"start":{"line":172,"column":8},"end":{"line":172,"column":75}},"14":{"start":{"line":173,"column":8},"end":{"line":173,"column":62}},"15":{"start":{"line":174,"column":8},"end":{"line":174,"column":59}},"16":{"start":{"line":175,"column":8},"end":{"line":175,"column":71}},"17":{"start":{"line":176,"column":8},"end":{"line":176,"column":67}},"18":{"start":{"line":177,"column":8},"end":{"line":177,"column":79}},"19":{"start":{"line":178,"column":8},"end":{"line":178,"column":78}},"20":{"start":{"line":179,"column":8},"end":{"line":179,"column":64}},"21":{"start":{"line":180,"column":8},"end":{"line":180,"column":6717}},"22":{"start":{"line":183,"column":8},"end":{"line":183,"column":89}},"23":{"start":{"line":185,"column":8},"end":{"line":185,"column":6956}},"24":{"start":{"line":187,"column":12},"end":{"line":187,"column":80}},"25":{"start":{"line":190,"column":8},"end":{"line":190,"column":42}},"26":{"start":{"line":191,"column":8},"end":{"line":191,"column":57}},"27":{"start":{"line":205,"column":8},"end":{"line":205,"column":49}},"28":{"start":{"line":209,"column":8},"end":{"line":209,"column":96}},"29":{"start":{"line":210,"column":8},"end":{"line":210,"column":25}},"30":{"start":{"line":219,"column":8},"end":{"line":219,"column":57}},"31":{"start":{"line":220,"column":8},"end":{"line":220,"column":84}},"32":{"start":{"line":221,"column":8},"end":{"line":221,"column":79}},"33":{"start":{"line":222,"column":8},"end":{"line":222,"column":78}},"34":{"start":{"line":224,"column":8},"end":{"line":224,"column":101}},"35":{"start":{"line":226,"column":8},"end":{"line":226,"column":66}},"36":{"start":{"line":227,"column":8},"end":{"line":227,"column":41}},"37":{"start":{"line":228,"column":8},"end":{"line":228,"column":23}},"38":{"start":{"line":230,"column":8},"end":{"line":230,"column":88}},"39":{"start":{"line":235,"column":8},"end":{"line":235,"column":9265}},"40":{"start":{"line":236,"column":12},"end":{"line":236,"column":98}},"41":{"start":{"line":238,"column":12},"end":{"line":238,"column":78}},"42":{"start":{"line":240,"column":12},"end":{"line":240,"column":9580}},"43":{"start":{"line":241,"column":16},"end":{"line":241,"column":70}},"44":{"start":{"line":244,"column":8},"end":{"line":244,"column":91}},"45":{"start":{"line":252,"column":8},"end":{"line":252,"column":80}},"46":{"start":{"line":253,"column":8},"end":{"line":253,"column":43}},"47":{"start":{"line":253,"column":37},"end":{"line":253,"column":43}},"48":{"start":{"line":254,"column":8},"end":{"line":254,"column":10134}},"49":{"start":{"line":255,"column":12},"end":{"line":255,"column":37}},"50":{"start":{"line":256,"column":12},"end":{"line":256,"column":34}},"51":{"start":{"line":257,"column":12},"end":{"line":257,"column":10280}},"52":{"start":{"line":260,"column":12},"end":{"line":260,"column":105}},"53":{"start":{"line":268,"column":8},"end":{"line":268,"column":57}},"54":{"start":{"line":269,"column":8},"end":{"line":269,"column":82}},"55":{"start":{"line":270,"column":8},"end":{"line":270,"column":82}},"56":{"start":{"line":271,"column":8},"end":{"line":271,"column":125}},"57":{"start":{"line":273,"column":8},"end":{"line":273,"column":101}},"58":{"start":{"line":274,"column":8},"end":{"line":274,"column":99}},"59":{"start":{"line":275,"column":8},"end":{"line":275,"column":67}},"60":{"start":{"line":276,"column":8},"end":{"line":276,"column":66}},"61":{"start":{"line":278,"column":8},"end":{"line":278,"column":66}},"62":{"start":{"line":279,"column":8},"end":{"line":279,"column":41}},"63":{"start":{"line":280,"column":8},"end":{"line":280,"column":23}},"64":{"start":{"line":282,"column":8},"end":{"line":282,"column":88}},"65":{"start":{"line":284,"column":8},"end":{"line":284,"column":58}},"66":{"start":{"line":285,"column":8},"end":{"line":285,"column":54}},"67":{"start":{"line":286,"column":8},"end":{"line":286,"column":11933}},"68":{"start":{"line":288,"column":12},"end":{"line":288,"column":24}},"69":{"start":{"line":289,"column":12},"end":{"line":289,"column":35}},"70":{"start":{"line":290,"column":12},"end":{"line":290,"column":43}},"71":{"start":{"line":291,"column":12},"end":{"line":291,"column":12126}},"72":{"start":{"line":302,"column":12},"end":{"line":302,"column":12664}},"73":{"start":{"line":303,"column":16},"end":{"line":303,"column":79}},"74":{"start":{"line":305,"column":16},"end":{"line":305,"column":47}},"75":{"start":{"line":306,"column":16},"end":{"line":306,"column":71}},"76":{"start":{"line":309,"column":12},"end":{"line":309,"column":43}},"77":{"start":{"line":320,"column":8},"end":{"line":320,"column":66}},"78":{"start":{"line":321,"column":8},"end":{"line":321,"column":60}},"79":{"start":{"line":322,"column":8},"end":{"line":322,"column":43}},"80":{"start":{"line":323,"column":8},"end":{"line":323,"column":29}},"81":{"start":{"line":330,"column":8},"end":{"line":330,"column":74}},"82":{"start":{"line":330,"column":36},"end":{"line":330,"column":74}},"83":{"start":{"line":334,"column":8},"end":{"line":334,"column":47}},"84":{"start":{"line":350,"column":8},"end":{"line":350,"column":53}},"85":{"start":{"line":352,"column":8},"end":{"line":352,"column":57}},"86":{"start":{"line":353,"column":8},"end":{"line":353,"column":14327}},"87":{"start":{"line":359,"column":8},"end":{"line":359,"column":62}},"88":{"start":{"line":370,"column":8},"end":{"line":370,"column":66}},"89":{"start":{"line":392,"column":8},"end":{"line":392,"column":50}},"90":{"start":{"line":393,"column":8},"end":{"line":393,"column":15405}},"91":{"start":{"line":416,"column":8},"end":{"line":416,"column":50}},"92":{"start":{"line":425,"column":8},"end":{"line":425,"column":51}},"93":{"start":{"line":435,"column":8},"end":{"line":435,"column":34}},"94":{"start":{"line":443,"column":8},"end":{"line":443,"column":57}},"95":{"start":{"line":444,"column":8},"end":{"line":444,"column":16717}},"96":{"start":{"line":456,"column":8},"end":{"line":456,"column":57}},"97":{"start":{"line":467,"column":8},"end":{"line":467,"column":57}},"98":{"start":{"line":468,"column":8},"end":{"line":468,"column":42}},"99":{"start":{"line":468,"column":30},"end":{"line":468,"column":42}},"100":{"start":{"line":470,"column":8},"end":{"line":470,"column":86}},"101":{"start":{"line":471,"column":8},"end":{"line":471,"column":54}},"102":{"start":{"line":481,"column":8},"end":{"line":481,"column":79}},"103":{"start":{"line":482,"column":8},"end":{"line":482,"column":51}},"104":{"start":{"line":484,"column":8},"end":{"line":484,"column":75}},"105":{"start":{"line":485,"column":8},"end":{"line":485,"column":64}},"106":{"start":{"line":493,"column":8},"end":{"line":493,"column":83}},"107":{"start":{"line":494,"column":8},"end":{"line":494,"column":55}},"108":{"start":{"line":496,"column":8},"end":{"line":496,"column":79}},"109":{"start":{"line":497,"column":8},"end":{"line":497,"column":70}},"110":{"start":{"line":506,"column":8},"end":{"line":506,"column":66}},"111":{"start":{"line":531,"column":8},"end":{"line":531,"column":15}},"112":{"start":{"line":532,"column":8},"end":{"line":532,"column":47}},"113":{"start":{"line":539,"column":8},"end":{"line":539,"column":17}},"114":{"start":{"line":540,"column":8},"end":{"line":540,"column":41}},"115":{"start":{"line":548,"column":8},"end":{"line":548,"column":76}},"116":{"start":{"line":549,"column":8},"end":{"line":549,"column":40}},"117":{"start":{"line":560,"column":8},"end":{"line":560,"column":82}},"118":{"start":{"line":566,"column":8},"end":{"line":566,"column":22}},"119":{"start":{"line":572,"column":8},"end":{"line":572,"column":70}},"120":{"start":{"line":573,"column":8},"end":{"line":573,"column":60}},"121":{"start":{"line":582,"column":8},"end":{"line":582,"column":93}},"122":{"start":{"line":583,"column":8},"end":{"line":583,"column":90}},"123":{"start":{"line":584,"column":8},"end":{"line":584,"column":101}},"124":{"start":{"line":603,"column":8},"end":{"line":603,"column":78}},"125":{"start":{"line":604,"column":8},"end":{"line":604,"column":74}},"126":{"start":{"line":605,"column":8},"end":{"line":605,"column":40}},"127":{"start":{"line":608,"column":8},"end":{"line":608,"column":82}},"128":{"start":{"line":609,"column":8},"end":{"line":609,"column":78}},"129":{"start":{"line":610,"column":8},"end":{"line":610,"column":44}},"130":{"start":{"line":614,"column":8},"end":{"line":614,"column":68}}},"branchMap":{"1":{"line":109,"type":"if","locations":[{"start":{"line":109,"column":8},"end":{"line":109,"column":8}},{"start":{"line":109,"column":8},"end":{"line":109,"column":8}}]},"2":{"line":114,"type":"if","locations":[{"start":{"line":114,"column":8},"end":{"line":114,"column":8}},{"start":{"line":114,"column":8},"end":{"line":114,"column":8}}]},"3":{"line":114,"type":"cond-expr","locations":[{"start":{"line":114,"column":16},"end":{"line":114,"column":46}},{"start":{"line":114,"column":51},"end":{"line":114,"column":71}}]},"4":{"line":119,"type":"if","locations":[{"start":{"line":119,"column":8},"end":{"line":119,"column":8}},{"start":{"line":119,"column":8},"end":{"line":119,"column":8}}]},"5":{"line":124,"type":"if","locations":[{"start":{"line":124,"column":8},"end":{"line":124,"column":8}},{"start":{"line":124,"column":8},"end":{"line":124,"column":8}}]},"6":{"line":136,"type":"if","locations":[{"start":{"line":136,"column":78},"end":{"line":136,"column":78}},{"start":{"line":136,"column":78},"end":{"line":136,"column":78}}]},"7":{"line":141,"type":"if","locations":[{"start":{"line":141,"column":8},"end":{"line":141,"column":8}},{"start":{"line":141,"column":8},"end":{"line":141,"column":8}}]},"8":{"line":157,"type":"if","locations":[{"start":{"line":157,"column":54},"end":{"line":157,"column":54}},{"start":{"line":157,"column":54},"end":{"line":157,"column":54}}]},"9":{"line":158,"type":"if","locations":[{"start":{"line":158,"column":8},"end":{"line":158,"column":8}},{"start":{"line":158,"column":8},"end":{"line":158,"column":8}}]},"10":{"line":171,"type":"if","locations":[{"start":{"line":171,"column":23},"end":{"line":171,"column":23}},{"start":{"line":171,"column":23},"end":{"line":171,"column":23}}]},"11":{"line":171,"type":"if","locations":[{"start":{"line":171,"column":36},"end":{"line":171,"column":36}},{"start":{"line":171,"column":36},"end":{"line":171,"column":36}}]},"12":{"line":172,"type":"if","locations":[{"start":{"line":172,"column":8},"end":{"line":172,"column":8}},{"start":{"line":172,"column":8},"end":{"line":172,"column":8}}]},"13":{"line":173,"type":"if","locations":[{"start":{"line":173,"column":8},"end":{"line":173,"column":8}},{"start":{"line":173,"column":8},"end":{"line":173,"column":8}}]},"14":{"line":174,"type":"if","locations":[{"start":{"line":174,"column":8},"end":{"line":174,"column":8}},{"start":{"line":174,"column":8},"end":{"line":174,"column":8}}]},"15":{"line":175,"type":"if","locations":[{"start":{"line":175,"column":8},"end":{"line":175,"column":8}},{"start":{"line":175,"column":8},"end":{"line":175,"column":8}}]},"16":{"line":176,"type":"if","locations":[{"start":{"line":176,"column":8},"end":{"line":176,"column":8}},{"start":{"line":176,"column":8},"end":{"line":176,"column":8}}]},"17":{"line":177,"type":"if","locations":[{"start":{"line":177,"column":8},"end":{"line":177,"column":8}},{"start":{"line":177,"column":8},"end":{"line":177,"column":8}}]},"18":{"line":178,"type":"if","locations":[{"start":{"line":178,"column":8},"end":{"line":178,"column":8}},{"start":{"line":178,"column":8},"end":{"line":178,"column":8}}]},"19":{"line":183,"type":"if","locations":[{"start":{"line":183,"column":8},"end":{"line":183,"column":8}},{"start":{"line":183,"column":8},"end":{"line":183,"column":8}}]},"20":{"line":183,"type":"cond-expr","locations":[{"start":{"line":183,"column":16},"end":{"line":183,"column":32}},{"start":{"line":183,"column":37},"end":{"line":183,"column":56}}]},"21":{"line":185,"type":"if","locations":[{"start":{"line":185,"column":8},"end":{"line":185,"column":8}},{"start":{"line":185,"column":8},"end":{"line":185,"column":8}}]},"22":{"line":218,"type":"if","locations":[{"start":{"line":218,"column":81},"end":{"line":218,"column":81}},{"start":{"line":218,"column":81},"end":{"line":218,"column":81}}]},"23":{"line":218,"type":"if","locations":[{"start":{"line":218,"column":104},"end":{"line":218,"column":104}},{"start":{"line":218,"column":104},"end":{"line":218,"column":104}}]},"24":{"line":218,"type":"if","locations":[{"start":{"line":218,"column":131},"end":{"line":218,"column":131}},{"start":{"line":218,"column":131},"end":{"line":218,"column":131}}]},"25":{"line":220,"type":"if","locations":[{"start":{"line":220,"column":8},"end":{"line":220,"column":8}},{"start":{"line":220,"column":8},"end":{"line":220,"column":8}}]},"26":{"line":221,"type":"if","locations":[{"start":{"line":221,"column":8},"end":{"line":221,"column":8}},{"start":{"line":221,"column":8},"end":{"line":221,"column":8}}]},"27":{"line":222,"type":"if","locations":[{"start":{"line":222,"column":8},"end":{"line":222,"column":8}},{"start":{"line":222,"column":8},"end":{"line":222,"column":8}}]},"28":{"line":224,"type":"if","locations":[{"start":{"line":224,"column":8},"end":{"line":224,"column":8}},{"start":{"line":224,"column":8},"end":{"line":224,"column":8}}]},"29":{"line":226,"type":"if","locations":[{"start":{"line":226,"column":8},"end":{"line":226,"column":8}},{"start":{"line":226,"column":8},"end":{"line":226,"column":8}}]},"30":{"line":230,"type":"if","locations":[{"start":{"line":230,"column":8},"end":{"line":230,"column":8}},{"start":{"line":230,"column":8},"end":{"line":230,"column":8}}]},"31":{"line":235,"type":"if","locations":[{"start":{"line":235,"column":8},"end":{"line":235,"column":8}},{"start":{"line":235,"column":8},"end":{"line":235,"column":8}}]},"32":{"line":240,"type":"if","locations":[{"start":{"line":240,"column":12},"end":{"line":240,"column":12}},{"start":{"line":240,"column":12},"end":{"line":240,"column":12}}]},"33":{"line":240,"type":"cond-expr","locations":[{"start":{"line":240,"column":16},"end":{"line":240,"column":37}},{"start":{"line":240,"column":42},"end":{"line":240,"column":63}}]},"34":{"line":253,"type":"if","locations":[{"start":{"line":253,"column":8},"end":{"line":253,"column":8}},{"start":{"line":253,"column":8},"end":{"line":253,"column":8}}]},"35":{"line":267,"type":"if","locations":[{"start":{"line":267,"column":58},"end":{"line":267,"column":58}},{"start":{"line":267,"column":58},"end":{"line":267,"column":58}}]},"36":{"line":267,"type":"if","locations":[{"start":{"line":267,"column":81},"end":{"line":267,"column":81}},{"start":{"line":267,"column":81},"end":{"line":267,"column":81}}]},"37":{"line":267,"type":"if","locations":[{"start":{"line":267,"column":94},"end":{"line":267,"column":94}},{"start":{"line":267,"column":94},"end":{"line":267,"column":94}}]},"38":{"line":267,"type":"if","locations":[{"start":{"line":267,"column":121},"end":{"line":267,"column":121}},{"start":{"line":267,"column":121},"end":{"line":267,"column":121}}]},"39":{"line":269,"type":"if","locations":[{"start":{"line":269,"column":8},"end":{"line":269,"column":8}},{"start":{"line":269,"column":8},"end":{"line":269,"column":8}}]},"40":{"line":270,"type":"if","locations":[{"start":{"line":270,"column":8},"end":{"line":270,"column":8}},{"start":{"line":270,"column":8},"end":{"line":270,"column":8}}]},"41":{"line":271,"type":"if","locations":[{"start":{"line":271,"column":8},"end":{"line":271,"column":8}},{"start":{"line":271,"column":8},"end":{"line":271,"column":8}}]},"42":{"line":273,"type":"if","locations":[{"start":{"line":273,"column":8},"end":{"line":273,"column":8}},{"start":{"line":273,"column":8},"end":{"line":273,"column":8}}]},"43":{"line":276,"type":"if","locations":[{"start":{"line":276,"column":8},"end":{"line":276,"column":8}},{"start":{"line":276,"column":8},"end":{"line":276,"column":8}}]},"44":{"line":278,"type":"if","locations":[{"start":{"line":278,"column":8},"end":{"line":278,"column":8}},{"start":{"line":278,"column":8},"end":{"line":278,"column":8}}]},"45":{"line":282,"type":"if","locations":[{"start":{"line":282,"column":8},"end":{"line":282,"column":8}},{"start":{"line":282,"column":8},"end":{"line":282,"column":8}}]},"46":{"line":286,"type":"if","locations":[{"start":{"line":286,"column":8},"end":{"line":286,"column":8}},{"start":{"line":286,"column":8},"end":{"line":286,"column":8}}]},"47":{"line":301,"type":"if","locations":[{"start":{"line":301,"column":39},"end":{"line":301,"column":60}},{"start":{"line":301,"column":64},"end":{"line":301,"column":83}}]},"48":{"line":302,"type":"if","locations":[{"start":{"line":302,"column":12},"end":{"line":302,"column":12}},{"start":{"line":302,"column":12},"end":{"line":302,"column":12}}]},"49":{"line":320,"type":"if","locations":[{"start":{"line":320,"column":8},"end":{"line":320,"column":8}},{"start":{"line":320,"column":8},"end":{"line":320,"column":8}}]},"50":{"line":322,"type":"if","locations":[{"start":{"line":322,"column":8},"end":{"line":322,"column":8}},{"start":{"line":322,"column":8},"end":{"line":322,"column":8}}]},"51":{"line":330,"type":"if","locations":[{"start":{"line":330,"column":8},"end":{"line":330,"column":8}},{"start":{"line":330,"column":8},"end":{"line":330,"column":8}}]},"52":{"line":349,"type":"if","locations":[{"start":{"line":349,"column":24},"end":{"line":349,"column":24}},{"start":{"line":349,"column":24},"end":{"line":349,"column":24}}]},"53":{"line":349,"type":"if","locations":[{"start":{"line":349,"column":43},"end":{"line":349,"column":43}},{"start":{"line":349,"column":43},"end":{"line":349,"column":43}}]},"54":{"line":349,"type":"if","locations":[{"start":{"line":349,"column":70},"end":{"line":349,"column":70}},{"start":{"line":349,"column":70},"end":{"line":349,"column":70}}]},"55":{"line":350,"type":"if","locations":[{"start":{"line":350,"column":8},"end":{"line":350,"column":8}},{"start":{"line":350,"column":8},"end":{"line":350,"column":8}}]},"56":{"line":353,"type":"if","locations":[{"start":{"line":353,"column":8},"end":{"line":353,"column":8}},{"start":{"line":353,"column":8},"end":{"line":353,"column":8}}]},"57":{"line":468,"type":"if","locations":[{"start":{"line":468,"column":8},"end":{"line":468,"column":8}},{"start":{"line":468,"column":8},"end":{"line":468,"column":8}}]},"58":{"line":480,"type":"if","locations":[{"start":{"line":480,"column":70},"end":{"line":480,"column":70}},{"start":{"line":480,"column":70},"end":{"line":480,"column":70}}]},"59":{"line":481,"type":"if","locations":[{"start":{"line":481,"column":8},"end":{"line":481,"column":8}},{"start":{"line":481,"column":8},"end":{"line":481,"column":8}}]},"60":{"line":492,"type":"if","locations":[{"start":{"line":492,"column":74},"end":{"line":492,"column":74}},{"start":{"line":492,"column":74},"end":{"line":492,"column":74}}]},"61":{"line":493,"type":"if","locations":[{"start":{"line":493,"column":8},"end":{"line":493,"column":8}},{"start":{"line":493,"column":8},"end":{"line":493,"column":8}}]},"62":{"line":506,"type":"if","locations":[{"start":{"line":506,"column":8},"end":{"line":506,"column":8}},{"start":{"line":506,"column":8},"end":{"line":506,"column":8}}]},"63":{"line":520,"type":"if","locations":[{"start":{"line":520,"column":15},"end":{"line":520,"column":15}},{"start":{"line":520,"column":15},"end":{"line":520,"column":15}}]},"64":{"line":530,"type":"if","locations":[{"start":{"line":530,"column":50},"end":{"line":530,"column":50}},{"start":{"line":530,"column":50},"end":{"line":530,"column":50}}]},"65":{"line":538,"type":"if","locations":[{"start":{"line":538,"column":32},"end":{"line":538,"column":32}},{"start":{"line":538,"column":32},"end":{"line":538,"column":32}}]},"66":{"line":547,"type":"if","locations":[{"start":{"line":547,"column":50},"end":{"line":547,"column":50}},{"start":{"line":547,"column":50},"end":{"line":547,"column":50}}]},"67":{"line":548,"type":"if","locations":[{"start":{"line":548,"column":8},"end":{"line":548,"column":8}},{"start":{"line":548,"column":8},"end":{"line":548,"column":8}}]},"68":{"line":560,"type":"if","locations":[{"start":{"line":560,"column":8},"end":{"line":560,"column":8}},{"start":{"line":560,"column":8},"end":{"line":560,"column":8}}]},"69":{"line":571,"type":"if","locations":[{"start":{"line":571,"column":54},"end":{"line":571,"column":54}},{"start":{"line":571,"column":54},"end":{"line":571,"column":54}}]},"70":{"line":582,"type":"if","locations":[{"start":{"line":582,"column":8},"end":{"line":582,"column":8}},{"start":{"line":582,"column":8},"end":{"line":582,"column":8}}]},"71":{"line":584,"type":"if","locations":[{"start":{"line":584,"column":8},"end":{"line":584,"column":8}},{"start":{"line":584,"column":8},"end":{"line":584,"column":8}}]},"72":{"line":593,"type":"if","locations":[{"start":{"line":593,"column":88},"end":{"line":593,"column":88}},{"start":{"line":593,"column":88},"end":{"line":593,"column":88}}]},"73":{"line":604,"type":"if","locations":[{"start":{"line":604,"column":8},"end":{"line":604,"column":8}},{"start":{"line":604,"column":8},"end":{"line":604,"column":8}}]},"74":{"line":609,"type":"if","locations":[{"start":{"line":609,"column":8},"end":{"line":609,"column":8}},{"start":{"line":609,"column":8},"end":{"line":609,"column":8}}]},"75":{"line":613,"type":"if","locations":[{"start":{"line":613,"column":59},"end":{"line":613,"column":59}},{"start":{"line":613,"column":59},"end":{"line":613,"column":59}}]},"76":{"line":614,"type":"if","locations":[{"start":{"line":614,"column":8},"end":{"line":614,"column":8}},{"start":{"line":614,"column":8},"end":{"line":614,"column":8}}]},"77":{"line":617,"type":"if","locations":[{"start":{"line":617,"column":63},"end":{"line":617,"column":63}},{"start":{"line":617,"column":63},"end":{"line":617,"column":63}}]}}},"contracts/governance/BondlyVoting.sol":{"l":{"84":4,"85":3,"86":2,"165":6,"166":6,"167":0,"171":0,"172":0,"173":0,"177":0,"178":0,"189":40,"190":40,"191":40,"192":40,"193":40,"194":40,"195":40,"196":40,"197":40,"208":0,"209":0,"210":0,"211":0,"212":0,"214":0,"216":0,"217":0,"218":0,"219":0,"220":0,"222":0,"223":0,"224":0,"225":0,"227":0,"229":0,"230":0,"240":0,"241":0,"242":0,"243":0,"244":0,"246":0,"248":0,"249":0,"251":0,"252":0,"253":0,"254":0,"255":0,"256":0,"257":0,"258":0,"259":0,"260":0,"263":0,"264":0,"266":0,"269":0,"277":0,"278":0,"279":0,"281":0,"292":0,"293":0,"294":0,"295":0,"296":0,"297":0,"298":0,"299":0,"301":0,"302":0,"304":0,"308":0,"309":0,"310":0,"312":0,"313":0,"314":0,"315":0,"316":0,"318":0,"322":0,"323":0,"324":0,"325":0,"326":0,"327":0,"330":0,"331":0,"333":0,"335":0,"343":0,"344":0,"345":0,"346":0,"347":0,"349":0,"350":0,"351":0,"352":0,"354":0,"355":0,"356":0,"357":0,"358":0,"359":0,"361":0,"362":0,"364":0,"366":0,"375":2,"384":0,"392":2,"393":2,"394":2,"403":2,"404":2,"417":0,"418":0,"419":0,"420":0,"432":0,"442":0,"443":0,"444":0,"445":0,"446":0,"447":0,"448":0,"458":0,"468":42,"469":41,"470":41,"471":41,"472":41,"480":0,"481":0,"482":0,"490":1,"491":1,"503":1,"504":1,"505":1,"506":1,"515":0,"516":0,"517":0,"518":0,"527":0,"528":0,"536":0,"537":0,"544":0,"545":0,"546":0,"547":0,"548":0,"549":0,"551":0,"556":0,"557":0,"558":0,"559":0,"560":0,"561":0,"562":0,"572":0,"580":2,"581":1,"588":0,"597":1,"598":1,"599":1,"604":0,"614":0,"615":0,"616":0,"622":0,"623":0,"629":1,"634":0,"635":0,"636":0,"637":0},"path":"/Users/wangxintong/CursorProjects/Bondly/bondly-contracts/contracts/governance/BondlyVoting.sol","s":{"1":4,"2":3,"3":6,"4":6,"5":0,"6":0,"7":0,"8":40,"9":40,"10":40,"11":40,"12":40,"13":0,"14":0,"15":0,"16":0,"17":0,"18":0,"19":0,"20":0,"21":0,"22":0,"23":0,"24":0,"25":0,"26":0,"27":0,"28":0,"29":0,"30":0,"31":0,"32":0,"33":0,"34":0,"35":0,"36":0,"37":0,"38":0,"39":0,"40":0,"41":0,"42":0,"43":0,"44":0,"45":0,"46":0,"47":0,"48":0,"49":0,"50":0,"51":0,"52":0,"53":0,"54":0,"55":0,"56":0,"57":0,"58":0,"59":0,"60":0,"61":0,"62":0,"63":0,"64":0,"65":0,"66":0,"67":0,"68":0,"69":0,"70":0,"71":0,"72":0,"73":0,"74":0,"75":0,"76":0,"77":0,"78":0,"79":0,"80":0,"81":0,"82":0,"83":0,"84":0,"85":0,"86":0,"87":0,"88":0,"89":0,"90":0,"91":0,"92":0,"93":0,"94":0,"95":0,"96":0,"97":0,"98":0,"99":0,"100":0,"101":0,"102":0,"103":0,"104":0,"105":0,"106":0,"107":0,"108":0,"109":0,"110":0,"111":0,"112":0,"113":0,"114":2,"115":0,"116":0,"117":0,"118":0,"119":0,"120":0,"121":0,"122":0,"123":42,"124":41,"125":41,"126":41,"127":0,"128":0,"129":0,"130":0,"131":0,"132":0,"133":0,"134":0,"135":0,"136":0,"137":0,"138":0,"139":0,"140":0,"141":0,"142":0,"143":0,"144":0,"145":0,"146":0,"147":0,"148":0,"149":0,"150":0,"151":2,"152":0,"153":1,"154":0,"155":0,"156":0,"157":0,"158":0,"159":0,"160":0,"161":0,"162":1,"163":0,"164":0,"165":0},"b":{"1":[3,1],"2":[3,0],"3":[2,1],"4":[0,6],"5":[0,0],"6":[0,0],"7":[40,1],"8":[40,0],"9":[0,0],"10":[0,0],"11":[0,0],"12":[0,0],"13":[0,0],"14":[0,0],"15":[0,0],"16":[0,0],"17":[0,0],"18":[0,0],"19":[0,0],"20":[0,0],"21":[0,1],"22":[0,0],"23":[0,0],"24":[0,0],"25":[0,0],"26":[0,0],"27":[0,0],"28":[0,0],"29":[0,0],"30":[0,0],"31":[0,0],"32":[0,1],"33":[0,0],"34":[0,0],"35":[0,0],"36":[0,0],"37":[0,0],"38":[0,0],"39":[0,0],"40":[0,0],"41":[0,0],"42":[0,0],"43":[0,0],"44":[0,0],"45":[0,0],"46":[0,0],"47":[0,0],"48":[0,0],"49":[0,0],"50":[0,0],"51":[0,0],"52":[0,0],"53":[0,1],"54":[0,0],"55":[0,0],"56":[0,0],"57":[0,0],"58":[42,1],"59":[41,1],"60":[41,0],"61":[0,1],"62":[1,1],"63":[0,0],"64":[0,0],"65":[0,1],"66":[0,1],"67":[0,0],"68":[0,0],"69":[2,0],"70":[1,1],"71":[1,0],"72":[1,0],"73":[0,0],"74":[0,0],"75":[0,0],"76":[0,0],"77":[0,0],"78":[0,0],"79":[0,0],"80":[0,0]},"f":{"1":4,"2":6,"3":0,"4":0,"5":40,"6":0,"7":0,"8":0,"9":0,"10":0,"11":2,"12":0,"13":2,"14":2,"15":0,"16":0,"17":0,"18":0,"19":42,"20":0,"21":1,"22":1,"23":0,"24":0,"25":0,"26":0,"27":0,"28":0,"29":2,"30":0,"31":1,"32":0,"33":0,"34":0,"35":1,"36":0},"fnMap":{"1":{"name":"setWeightStrategy","line":83,"loc":{"start":{"line":83,"column":4},"end":{"line":87,"column":4}}},"2":{"name":"registryDAOOnly","line":164,"loc":{"start":{"line":164,"column":4},"end":{"line":168,"column":4}}},"3":{"name":"proposalActive","line":170,"loc":{"start":{"line":170,"column":4},"end":{"line":174,"column":4}}},"4":{"name":"votingNotEnded","line":176,"loc":{"start":{"line":176,"column":4},"end":{"line":179,"column":4}}},"5":{"name":"initialize","line":188,"loc":{"start":{"line":188,"column":4},"end":{"line":198,"column":4}}},"6":{"name":"vote","line":207,"loc":{"start":{"line":207,"column":4},"end":{"line":231,"column":4}}},"7":{"name":"startVoting","line":239,"loc":{"start":{"line":239,"column":4},"end":{"line":270,"column":4}}},"8":{"name":"endVoting","line":276,"loc":{"start":{"line":276,"column":4},"end":{"line":282,"column":4}}},"9":{"name":"getVotingWeightAtSnapshot","line":291,"loc":{"start":{"line":291,"column":4},"end":{"line":336,"column":4}}},"10":{"name":"getCurrentVotingWeight","line":342,"loc":{"start":{"line":342,"column":4},"end":{"line":367,"column":4}}},"11":{"name":"getSnapshotWeight","line":374,"loc":{"start":{"line":374,"column":4},"end":{"line":376,"column":4}}},"12":{"name":"hasUserVoted","line":383,"loc":{"start":{"line":383,"column":4},"end":{"line":385,"column":4}}},"13":{"name":"getVoteStats","line":391,"loc":{"start":{"line":391,"column":4},"end":{"line":395,"column":4}}},"14":{"name":"getUserVote","line":402,"loc":{"start":{"line":402,"column":4},"end":{"line":405,"column":4}}},"15":{"name":"getProposalVotingInfo","line":411,"loc":{"start":{"line":411,"column":4},"end":{"line":421,"column":4}}},"16":{"name":"recordReputationSnapshot","line":431,"loc":{"start":{"line":431,"column":4},"end":{"line":433,"column":4}}},"17":{"name":"recordReputationSnapshots","line":441,"loc":{"start":{"line":441,"column":4},"end":{"line":450,"column":4}}},"18":{"name":"getReputationSnapshot","line":457,"loc":{"start":{"line":457,"column":4},"end":{"line":459,"column":4}}},"19":{"name":"updateDAOContract","line":467,"loc":{"start":{"line":467,"column":4},"end":{"line":473,"column":4}}},"20":{"name":"setWeightType","line":479,"loc":{"start":{"line":479,"column":4},"end":{"line":483,"column":4}}},"21":{"name":"resetProposalVotes","line":489,"loc":{"start":{"line":489,"column":4},"end":{"line":492,"column":4}}},"22":{"name":"getContractInfo","line":497,"loc":{"start":{"line":497,"column":4},"end":{"line":507,"column":4}}},"23":{"name":"updateWeightConfig","line":514,"loc":{"start":{"line":514,"column":4},"end":{"line":519,"column":4}}},"24":{"name":"pause","line":526,"loc":{"start":{"line":526,"column":4},"end":{"line":529,"column":4}}},"25":{"name":"unpause","line":535,"loc":{"start":{"line":535,"column":4},"end":{"line":538,"column":4}}},"26":{"name":"_recordTokenSnapshot","line":543,"loc":{"start":{"line":543,"column":4},"end":{"line":553,"column":4}}},"27":{"name":"_recordReputationSnapshot","line":555,"loc":{"start":{"line":555,"column":4},"end":{"line":564,"column":4}}},"28":{"name":"getVotingWeightType","line":571,"loc":{"start":{"line":571,"column":4},"end":{"line":573,"column":4}}},"29":{"name":"setHybridWeightRatio","line":579,"loc":{"start":{"line":579,"column":4},"end":{"line":582,"column":4}}},"30":{"name":"hasReputationSnapshot","line":587,"loc":{"start":{"line":587,"column":4},"end":{"line":589,"column":4}}},"31":{"name":"setThresholds","line":596,"loc":{"start":{"line":596,"column":4},"end":{"line":600,"column":4}}},"32":{"name":"getReputationAt","line":603,"loc":{"start":{"line":603,"column":4},"end":{"line":605,"column":4}}},"33":{"name":"onVote","line":612,"loc":{"start":{"line":607,"column":4},"end":{"line":618,"column":4}}},"34":{"name":"_authorizeUpgrade","line":621,"loc":{"start":{"line":621,"column":4},"end":{"line":625,"column":4}}},"35":{"name":"version","line":628,"loc":{"start":{"line":628,"column":4},"end":{"line":630,"column":4}}},"36":{"name":"updateWeightType","line":633,"loc":{"start":{"line":633,"column":4},"end":{"line":638,"column":4}}}},"statementMap":{"1":{"start":{"line":84,"column":8},"end":{"line":84,"column":93}},"2":{"start":{"line":85,"column":8},"end":{"line":85,"column":54}},"3":{"start":{"line":165,"column":8},"end":{"line":165,"column":72}},"4":{"start":{"line":166,"column":8},"end":{"line":166,"column":66}},"5":{"start":{"line":171,"column":8},"end":{"line":171,"column":72}},"6":{"start":{"line":172,"column":8},"end":{"line":172,"column":95}},"7":{"start":{"line":177,"column":8},"end":{"line":177,"column":101}},"8":{"start":{"line":189,"column":8},"end":{"line":189,"column":23}},"9":{"start":{"line":190,"column":8},"end":{"line":190,"column":24}},"10":{"start":{"line":191,"column":8},"end":{"line":191,"column":31}},"11":{"start":{"line":192,"column":8},"end":{"line":192,"column":65}},"12":{"start":{"line":194,"column":8},"end":{"line":194,"column":38}},"13":{"start":{"line":208,"column":8},"end":{"line":208,"column":74}},"14":{"start":{"line":209,"column":8},"end":{"line":209,"column":67}},"15":{"start":{"line":210,"column":8},"end":{"line":210,"column":66}},"16":{"start":{"line":211,"column":8},"end":{"line":211,"column":119}},"17":{"start":{"line":212,"column":8},"end":{"line":212,"column":53}},"18":{"start":{"line":214,"column":8},"end":{"line":214,"column":7421}},"19":{"start":{"line":216,"column":12},"end":{"line":216,"column":32}},"20":{"start":{"line":217,"column":12},"end":{"line":217,"column":30}},"21":{"start":{"line":218,"column":12},"end":{"line":218,"column":137}},"22":{"start":{"line":219,"column":12},"end":{"line":219,"column":140}},"23":{"start":{"line":220,"column":12},"end":{"line":220,"column":112}},"24":{"start":{"line":224,"column":8},"end":{"line":224,"column":8120}},"25":{"start":{"line":229,"column":8},"end":{"line":229,"column":66}},"26":{"start":{"line":230,"column":8},"end":{"line":230,"column":59}},"27":{"start":{"line":240,"column":8},"end":{"line":240,"column":110}},"28":{"start":{"line":243,"column":8},"end":{"line":243,"column":8915}},"29":{"start":{"line":244,"column":12},"end":{"line":244,"column":58}},"30":{"start":{"line":245,"column":15},"end":{"line":245,"column":9043}},"31":{"start":{"line":246,"column":12},"end":{"line":246,"column":48}},"32":{"start":{"line":247,"column":15},"end":{"line":247,"column":9166}},"33":{"start":{"line":248,"column":12},"end":{"line":248,"column":58}},"34":{"start":{"line":249,"column":12},"end":{"line":249,"column":48}},"35":{"start":{"line":251,"column":12},"end":{"line":251,"column":76}},"36":{"start":{"line":252,"column":12},"end":{"line":252,"column":90}},"37":{"start":{"line":253,"column":12},"end":{"line":253,"column":124}},"38":{"start":{"line":253,"column":37},"end":{"line":253,"column":123}},"39":{"start":{"line":254,"column":12},"end":{"line":254,"column":154}},"40":{"start":{"line":254,"column":47},"end":{"line":254,"column":153}},"41":{"start":{"line":255,"column":12},"end":{"line":255,"column":9820}},"42":{"start":{"line":256,"column":16},"end":{"line":256,"column":52}},"43":{"start":{"line":257,"column":16},"end":{"line":257,"column":34}},"44":{"start":{"line":258,"column":16},"end":{"line":258,"column":32}},"45":{"start":{"line":259,"column":16},"end":{"line":259,"column":10028}},"46":{"start":{"line":260,"column":20},"end":{"line":260,"column":10178}},"47":{"start":{"line":261,"column":28},"end":{"line":261,"column":117}},"48":{"start":{"line":263,"column":16},"end":{"line":263,"column":10334}},"49":{"start":{"line":264,"column":20},"end":{"line":264,"column":123}},"50":{"start":{"line":269,"column":8},"end":{"line":269,"column":69}},"51":{"start":{"line":277,"column":8},"end":{"line":277,"column":52}},"52":{"start":{"line":278,"column":8},"end":{"line":278,"column":50}},"53":{"start":{"line":279,"column":8},"end":{"line":279,"column":40}},"54":{"start":{"line":281,"column":8},"end":{"line":281,"column":63}},"55":{"start":{"line":292,"column":8},"end":{"line":292,"column":66}},"56":{"start":{"line":293,"column":8},"end":{"line":293,"column":40}},"57":{"start":{"line":293,"column":32},"end":{"line":293,"column":40}},"58":{"start":{"line":294,"column":8},"end":{"line":294,"column":11451}},"59":{"start":{"line":295,"column":12},"end":{"line":295,"column":76}},"60":{"start":{"line":296,"column":12},"end":{"line":296,"column":45}},"61":{"start":{"line":296,"column":37},"end":{"line":296,"column":45}},"62":{"start":{"line":297,"column":12},"end":{"line":297,"column":98}},"63":{"start":{"line":298,"column":12},"end":{"line":298,"column":11745}},"64":{"start":{"line":299,"column":16},"end":{"line":299,"column":30}},"65":{"start":{"line":301,"column":16},"end":{"line":301,"column":11903}},"66":{"start":{"line":302,"column":20},"end":{"line":302,"column":34}},"67":{"start":{"line":304,"column":20},"end":{"line":304,"column":28}},"68":{"start":{"line":307,"column":15},"end":{"line":307,"column":12096}},"69":{"start":{"line":308,"column":12},"end":{"line":308,"column":64}},"70":{"start":{"line":309,"column":12},"end":{"line":309,"column":12235}},"71":{"start":{"line":310,"column":16},"end":{"line":310,"column":27}},"72":{"start":{"line":312,"column":16},"end":{"line":312,"column":94}},"73":{"start":{"line":313,"column":16},"end":{"line":313,"column":59}},"74":{"start":{"line":313,"column":51},"end":{"line":313,"column":59}},"75":{"start":{"line":314,"column":16},"end":{"line":314,"column":122}},"76":{"start":{"line":315,"column":16},"end":{"line":315,"column":12604}},"77":{"start":{"line":316,"column":20},"end":{"line":316,"column":30}},"78":{"start":{"line":318,"column":20},"end":{"line":318,"column":28}},"79":{"start":{"line":321,"column":15},"end":{"line":321,"column":12813}},"80":{"start":{"line":322,"column":12},"end":{"line":322,"column":76}},"81":{"start":{"line":323,"column":12},"end":{"line":323,"column":90}},"82":{"start":{"line":324,"column":12},"end":{"line":324,"column":35}},"83":{"start":{"line":325,"column":12},"end":{"line":325,"column":34}},"84":{"start":{"line":326,"column":12},"end":{"line":326,"column":13124}},"85":{"start":{"line":327,"column":16},"end":{"line":327,"column":13275}},"86":{"start":{"line":328,"column":24},"end":{"line":328,"column":118}},"87":{"start":{"line":330,"column":12},"end":{"line":330,"column":13424}},"88":{"start":{"line":331,"column":16},"end":{"line":331,"column":125}},"89":{"start":{"line":333,"column":12},"end":{"line":333,"column":97}},"90":{"start":{"line":335,"column":8},"end":{"line":335,"column":16}},"91":{"start":{"line":343,"column":8},"end":{"line":343,"column":13904}},"92":{"start":{"line":344,"column":12},"end":{"line":344,"column":76}},"93":{"start":{"line":345,"column":12},"end":{"line":345,"column":45}},"94":{"start":{"line":345,"column":37},"end":{"line":345,"column":45}},"95":{"start":{"line":346,"column":12},"end":{"line":346,"column":98}},"96":{"start":{"line":347,"column":12},"end":{"line":347,"column":48}},"97":{"start":{"line":348,"column":15},"end":{"line":348,"column":14247}},"98":{"start":{"line":349,"column":12},"end":{"line":349,"column":90}},"99":{"start":{"line":350,"column":12},"end":{"line":350,"column":55}},"100":{"start":{"line":350,"column":47},"end":{"line":350,"column":55}},"101":{"start":{"line":351,"column":12},"end":{"line":351,"column":118}},"102":{"start":{"line":352,"column":12},"end":{"line":352,"column":72}},"103":{"start":{"line":353,"column":15},"end":{"line":353,"column":14663}},"104":{"start":{"line":354,"column":12},"end":{"line":354,"column":76}},"105":{"start":{"line":355,"column":12},"end":{"line":355,"column":90}},"106":{"start":{"line":356,"column":12},"end":{"line":356,"column":35}},"107":{"start":{"line":357,"column":12},"end":{"line":357,"column":34}},"108":{"start":{"line":358,"column":12},"end":{"line":358,"column":14974}},"109":{"start":{"line":359,"column":16},"end":{"line":359,"column":110}},"110":{"start":{"line":361,"column":12},"end":{"line":361,"column":15139}},"111":{"start":{"line":362,"column":16},"end":{"line":362,"column":125}},"112":{"start":{"line":364,"column":12},"end":{"line":364,"column":97}},"113":{"start":{"line":366,"column":8},"end":{"line":366,"column":16}},"114":{"start":{"line":375,"column":8},"end":{"line":375,"column":51}},"115":{"start":{"line":384,"column":8},"end":{"line":384,"column":41}},"116":{"start":{"line":442,"column":8},"end":{"line":442,"column":86}},"117":{"start":{"line":443,"column":8},"end":{"line":443,"column":80}},"118":{"start":{"line":444,"column":8},"end":{"line":444,"column":114}},"119":{"start":{"line":445,"column":8},"end":{"line":445,"column":83}},"120":{"start":{"line":446,"column":8},"end":{"line":446,"column":18196}},"121":{"start":{"line":448,"column":12},"end":{"line":448,"column":71}},"122":{"start":{"line":458,"column":8},"end":{"line":458,"column":52}},"123":{"start":{"line":468,"column":8},"end":{"line":468,"column":76}},"124":{"start":{"line":469,"column":8},"end":{"line":469,"column":104}},"125":{"start":{"line":470,"column":8},"end":{"line":470,"column":45}},"126":{"start":{"line":472,"column":8},"end":{"line":472,"column":55}},"127":{"start":{"line":480,"column":8},"end":{"line":480,"column":53}},"128":{"start":{"line":482,"column":8},"end":{"line":482,"column":51}},"129":{"start":{"line":515,"column":8},"end":{"line":515,"column":83}},"130":{"start":{"line":518,"column":8},"end":{"line":518,"column":58}},"131":{"start":{"line":527,"column":8},"end":{"line":527,"column":15}},"132":{"start":{"line":528,"column":8},"end":{"line":528,"column":47}},"133":{"start":{"line":536,"column":8},"end":{"line":536,"column":17}},"134":{"start":{"line":537,"column":8},"end":{"line":537,"column":41}},"135":{"start":{"line":544,"column":8},"end":{"line":544,"column":72}},"136":{"start":{"line":545,"column":8},"end":{"line":545,"column":39}},"137":{"start":{"line":545,"column":33},"end":{"line":545,"column":39}},"138":{"start":{"line":546,"column":8},"end":{"line":546,"column":21431}},"139":{"start":{"line":547,"column":12},"end":{"line":547,"column":48}},"140":{"start":{"line":548,"column":12},"end":{"line":548,"column":30}},"141":{"start":{"line":549,"column":12},"end":{"line":549,"column":21692}},"142":{"start":{"line":550,"column":20},"end":{"line":550,"column":109}},"143":{"start":{"line":556,"column":8},"end":{"line":556,"column":86}},"144":{"start":{"line":557,"column":8},"end":{"line":557,"column":49}},"145":{"start":{"line":557,"column":43},"end":{"line":557,"column":49}},"146":{"start":{"line":558,"column":8},"end":{"line":558,"column":22123}},"147":{"start":{"line":559,"column":12},"end":{"line":559,"column":48}},"148":{"start":{"line":560,"column":12},"end":{"line":560,"column":28}},"149":{"start":{"line":561,"column":12},"end":{"line":561,"column":115}},"150":{"start":{"line":572,"column":8},"end":{"line":572,"column":25}},"151":{"start":{"line":580,"column":8},"end":{"line":580,"column":59}},"152":{"start":{"line":588,"column":8},"end":{"line":588,"column":58}},"153":{"start":{"line":597,"column":8},"end":{"line":597,"column":93}},"154":{"start":{"line":604,"column":8},"end":{"line":604,"column":139}},"155":{"start":{"line":604,"column":109},"end":{"line":604,"column":117}},"156":{"start":{"line":604,"column":129},"end":{"line":604,"column":137}},"157":{"start":{"line":614,"column":8},"end":{"line":614,"column":72}},"158":{"start":{"line":615,"column":8},"end":{"line":615,"column":71}},"159":{"start":{"line":616,"column":8},"end":{"line":616,"column":53}},"160":{"start":{"line":622,"column":8},"end":{"line":622,"column":72}},"161":{"start":{"line":623,"column":8},"end":{"line":623,"column":69}},"162":{"start":{"line":629,"column":8},"end":{"line":629,"column":22}},"163":{"start":{"line":634,"column":8},"end":{"line":634,"column":93}},"164":{"start":{"line":635,"column":8},"end":{"line":635,"column":53}},"165":{"start":{"line":637,"column":8},"end":{"line":637,"column":51}}},"branchMap":{"1":{"line":84,"type":"if","locations":[{"start":{"line":84,"column":8},"end":{"line":84,"column":8}},{"start":{"line":84,"column":8},"end":{"line":84,"column":8}}]},"2":{"line":84,"type":"cond-expr","locations":[{"start":{"line":84,"column":16},"end":{"line":84,"column":36}},{"start":{"line":84,"column":41},"end":{"line":84,"column":74}}]},"3":{"line":85,"type":"if","locations":[{"start":{"line":85,"column":8},"end":{"line":85,"column":8}},{"start":{"line":85,"column":8},"end":{"line":85,"column":8}}]},"4":{"line":166,"type":"if","locations":[{"start":{"line":166,"column":8},"end":{"line":166,"column":8}},{"start":{"line":166,"column":8},"end":{"line":166,"column":8}}]},"5":{"line":172,"type":"if","locations":[{"start":{"line":172,"column":8},"end":{"line":172,"column":8}},{"start":{"line":172,"column":8},"end":{"line":172,"column":8}}]},"6":{"line":177,"type":"if","locations":[{"start":{"line":177,"column":8},"end":{"line":177,"column":8}},{"start":{"line":177,"column":8},"end":{"line":177,"column":8}}]},"7":{"line":188,"type":"if","locations":[{"start":{"line":188,"column":78},"end":{"line":188,"column":78}},{"start":{"line":188,"column":78},"end":{"line":188,"column":78}}]},"8":{"line":192,"type":"if","locations":[{"start":{"line":192,"column":8},"end":{"line":192,"column":8}},{"start":{"line":192,"column":8},"end":{"line":192,"column":8}}]},"9":{"line":207,"type":"if","locations":[{"start":{"line":207,"column":70},"end":{"line":207,"column":70}},{"start":{"line":207,"column":70},"end":{"line":207,"column":70}}]},"10":{"line":207,"type":"if","locations":[{"start":{"line":207,"column":83},"end":{"line":207,"column":83}},{"start":{"line":207,"column":83},"end":{"line":207,"column":83}}]},"11":{"line":207,"type":"if","locations":[{"start":{"line":207,"column":110},"end":{"line":207,"column":110}},{"start":{"line":207,"column":110},"end":{"line":207,"column":110}}]},"12":{"line":207,"type":"if","locations":[{"start":{"line":207,"column":137},"end":{"line":207,"column":137}},{"start":{"line":207,"column":137},"end":{"line":207,"column":137}}]},"13":{"line":208,"type":"if","locations":[{"start":{"line":208,"column":8},"end":{"line":208,"column":8}},{"start":{"line":208,"column":8},"end":{"line":208,"column":8}}]},"14":{"line":209,"type":"if","locations":[{"start":{"line":209,"column":8},"end":{"line":209,"column":8}},{"start":{"line":209,"column":8},"end":{"line":209,"column":8}}]},"15":{"line":212,"type":"if","locations":[{"start":{"line":212,"column":8},"end":{"line":212,"column":8}},{"start":{"line":212,"column":8},"end":{"line":212,"column":8}}]},"16":{"line":214,"type":"if","locations":[{"start":{"line":214,"column":8},"end":{"line":214,"column":8}},{"start":{"line":214,"column":8},"end":{"line":214,"column":8}}]},"17":{"line":214,"type":"cond-expr","locations":[{"start":{"line":214,"column":12},"end":{"line":214,"column":32}},{"start":{"line":214,"column":37},"end":{"line":214,"column":62}}]},"18":{"line":220,"type":"if","locations":[{"start":{"line":220,"column":12},"end":{"line":220,"column":12}},{"start":{"line":220,"column":12},"end":{"line":220,"column":12}}]},"19":{"line":220,"type":"cond-expr","locations":[{"start":{"line":220,"column":20},"end":{"line":220,"column":48}},{"start":{"line":220,"column":53},"end":{"line":220,"column":84}}]},"20":{"line":224,"type":"if","locations":[{"start":{"line":224,"column":8},"end":{"line":224,"column":8}},{"start":{"line":224,"column":8},"end":{"line":224,"column":8}}]},"21":{"line":239,"type":"if","locations":[{"start":{"line":239,"column":110},"end":{"line":239,"column":110}},{"start":{"line":239,"column":110},"end":{"line":239,"column":110}}]},"22":{"line":240,"type":"if","locations":[{"start":{"line":240,"column":8},"end":{"line":240,"column":8}},{"start":{"line":240,"column":8},"end":{"line":240,"column":8}}]},"23":{"line":243,"type":"if","locations":[{"start":{"line":243,"column":8},"end":{"line":243,"column":8}},{"start":{"line":243,"column":8},"end":{"line":243,"column":8}}]},"24":{"line":245,"type":"if","locations":[{"start":{"line":245,"column":15},"end":{"line":245,"column":15}},{"start":{"line":245,"column":15},"end":{"line":245,"column":15}}]},"25":{"line":247,"type":"if","locations":[{"start":{"line":247,"column":15},"end":{"line":247,"column":15}},{"start":{"line":247,"column":15},"end":{"line":247,"column":15}}]},"26":{"line":253,"type":"if","locations":[{"start":{"line":253,"column":12},"end":{"line":253,"column":12}},{"start":{"line":253,"column":12},"end":{"line":253,"column":12}}]},"27":{"line":253,"type":"if","locations":[{"start":{"line":253,"column":37},"end":{"line":253,"column":37}},{"start":{"line":253,"column":37},"end":{"line":253,"column":37}}]},"28":{"line":254,"type":"if","locations":[{"start":{"line":254,"column":12},"end":{"line":254,"column":12}},{"start":{"line":254,"column":12},"end":{"line":254,"column":12}}]},"29":{"line":254,"type":"if","locations":[{"start":{"line":254,"column":47},"end":{"line":254,"column":47}},{"start":{"line":254,"column":47},"end":{"line":254,"column":47}}]},"30":{"line":259,"type":"if","locations":[{"start":{"line":259,"column":16},"end":{"line":259,"column":16}},{"start":{"line":259,"column":16},"end":{"line":259,"column":16}}]},"31":{"line":263,"type":"if","locations":[{"start":{"line":263,"column":16},"end":{"line":263,"column":16}},{"start":{"line":263,"column":16},"end":{"line":263,"column":16}}]},"32":{"line":276,"type":"if","locations":[{"start":{"line":276,"column":61},"end":{"line":276,"column":61}},{"start":{"line":276,"column":61},"end":{"line":276,"column":61}}]},"33":{"line":293,"type":"if","locations":[{"start":{"line":293,"column":8},"end":{"line":293,"column":8}},{"start":{"line":293,"column":8},"end":{"line":293,"column":8}}]},"34":{"line":294,"type":"if","locations":[{"start":{"line":294,"column":8},"end":{"line":294,"column":8}},{"start":{"line":294,"column":8},"end":{"line":294,"column":8}}]},"35":{"line":296,"type":"if","locations":[{"start":{"line":296,"column":12},"end":{"line":296,"column":12}},{"start":{"line":296,"column":12},"end":{"line":296,"column":12}}]},"36":{"line":297,"type":"if","locations":[{"start":{"line":297,"column":12},"end":{"line":297,"column":12}},{"start":{"line":297,"column":12},"end":{"line":297,"column":12}}]},"37":{"line":307,"type":"if","locations":[{"start":{"line":307,"column":15},"end":{"line":307,"column":15}},{"start":{"line":307,"column":15},"end":{"line":307,"column":15}}]},"38":{"line":309,"type":"if","locations":[{"start":{"line":309,"column":12},"end":{"line":309,"column":12}},{"start":{"line":309,"column":12},"end":{"line":309,"column":12}}]},"39":{"line":313,"type":"if","locations":[{"start":{"line":313,"column":16},"end":{"line":313,"column":16}},{"start":{"line":313,"column":16},"end":{"line":313,"column":16}}]},"40":{"line":314,"type":"if","locations":[{"start":{"line":314,"column":16},"end":{"line":314,"column":16}},{"start":{"line":314,"column":16},"end":{"line":314,"column":16}}]},"41":{"line":321,"type":"if","locations":[{"start":{"line":321,"column":15},"end":{"line":321,"column":15}},{"start":{"line":321,"column":15},"end":{"line":321,"column":15}}]},"42":{"line":326,"type":"if","locations":[{"start":{"line":326,"column":12},"end":{"line":326,"column":12}},{"start":{"line":326,"column":12},"end":{"line":326,"column":12}}]},"43":{"line":330,"type":"if","locations":[{"start":{"line":330,"column":12},"end":{"line":330,"column":12}},{"start":{"line":330,"column":12},"end":{"line":330,"column":12}}]},"44":{"line":343,"type":"if","locations":[{"start":{"line":343,"column":8},"end":{"line":343,"column":8}},{"start":{"line":343,"column":8},"end":{"line":343,"column":8}}]},"45":{"line":345,"type":"if","locations":[{"start":{"line":345,"column":12},"end":{"line":345,"column":12}},{"start":{"line":345,"column":12},"end":{"line":345,"column":12}}]},"46":{"line":346,"type":"if","locations":[{"start":{"line":346,"column":12},"end":{"line":346,"column":12}},{"start":{"line":346,"column":12},"end":{"line":346,"column":12}}]},"47":{"line":348,"type":"if","locations":[{"start":{"line":348,"column":15},"end":{"line":348,"column":15}},{"start":{"line":348,"column":15},"end":{"line":348,"column":15}}]},"48":{"line":350,"type":"if","locations":[{"start":{"line":350,"column":12},"end":{"line":350,"column":12}},{"start":{"line":350,"column":12},"end":{"line":350,"column":12}}]},"49":{"line":351,"type":"if","locations":[{"start":{"line":351,"column":12},"end":{"line":351,"column":12}},{"start":{"line":351,"column":12},"end":{"line":351,"column":12}}]},"50":{"line":353,"type":"if","locations":[{"start":{"line":353,"column":15},"end":{"line":353,"column":15}},{"start":{"line":353,"column":15},"end":{"line":353,"column":15}}]},"51":{"line":358,"type":"if","locations":[{"start":{"line":358,"column":12},"end":{"line":358,"column":12}},{"start":{"line":358,"column":12},"end":{"line":358,"column":12}}]},"52":{"line":361,"type":"if","locations":[{"start":{"line":361,"column":12},"end":{"line":361,"column":12}},{"start":{"line":361,"column":12},"end":{"line":361,"column":12}}]},"53":{"line":431,"type":"if","locations":[{"start":{"line":431,"column":102},"end":{"line":431,"column":102}},{"start":{"line":431,"column":102},"end":{"line":431,"column":102}}]},"54":{"line":441,"type":"if","locations":[{"start":{"line":441,"column":135},"end":{"line":441,"column":135}},{"start":{"line":441,"column":135},"end":{"line":441,"column":135}}]},"55":{"line":443,"type":"if","locations":[{"start":{"line":443,"column":8},"end":{"line":443,"column":8}},{"start":{"line":443,"column":8},"end":{"line":443,"column":8}}]},"56":{"line":444,"type":"if","locations":[{"start":{"line":444,"column":8},"end":{"line":444,"column":8}},{"start":{"line":444,"column":8},"end":{"line":444,"column":8}}]},"57":{"line":445,"type":"if","locations":[{"start":{"line":445,"column":8},"end":{"line":445,"column":8}},{"start":{"line":445,"column":8},"end":{"line":445,"column":8}}]},"58":{"line":467,"type":"if","locations":[{"start":{"line":467,"column":73},"end":{"line":467,"column":73}},{"start":{"line":467,"column":73},"end":{"line":467,"column":73}}]},"59":{"line":468,"type":"if","locations":[{"start":{"line":468,"column":8},"end":{"line":468,"column":8}},{"start":{"line":468,"column":8},"end":{"line":468,"column":8}}]},"60":{"line":469,"type":"if","locations":[{"start":{"line":469,"column":8},"end":{"line":469,"column":8}},{"start":{"line":469,"column":8},"end":{"line":469,"column":8}}]},"61":{"line":479,"type":"if","locations":[{"start":{"line":479,"column":70},"end":{"line":479,"column":70}},{"start":{"line":479,"column":70},"end":{"line":479,"column":70}}]},"62":{"line":489,"type":"if","locations":[{"start":{"line":489,"column":70},"end":{"line":489,"column":70}},{"start":{"line":489,"column":70},"end":{"line":489,"column":70}}]},"63":{"line":514,"type":"if","locations":[{"start":{"line":514,"column":83},"end":{"line":514,"column":83}},{"start":{"line":514,"column":83},"end":{"line":514,"column":83}}]},"64":{"line":515,"type":"if","locations":[{"start":{"line":515,"column":8},"end":{"line":515,"column":8}},{"start":{"line":515,"column":8},"end":{"line":515,"column":8}}]},"65":{"line":526,"type":"if","locations":[{"start":{"line":526,"column":50},"end":{"line":526,"column":50}},{"start":{"line":526,"column":50},"end":{"line":526,"column":50}}]},"66":{"line":535,"type":"if","locations":[{"start":{"line":535,"column":32},"end":{"line":535,"column":32}},{"start":{"line":535,"column":32},"end":{"line":535,"column":32}}]},"67":{"line":545,"type":"if","locations":[{"start":{"line":545,"column":8},"end":{"line":545,"column":8}},{"start":{"line":545,"column":8},"end":{"line":545,"column":8}}]},"68":{"line":557,"type":"if","locations":[{"start":{"line":557,"column":8},"end":{"line":557,"column":8}},{"start":{"line":557,"column":8},"end":{"line":557,"column":8}}]},"69":{"line":579,"type":"if","locations":[{"start":{"line":579,"column":58},"end":{"line":579,"column":58}},{"start":{"line":579,"column":58},"end":{"line":579,"column":58}}]},"70":{"line":580,"type":"if","locations":[{"start":{"line":580,"column":8},"end":{"line":580,"column":8}},{"start":{"line":580,"column":8},"end":{"line":580,"column":8}}]},"71":{"line":597,"type":"if","locations":[{"start":{"line":597,"column":8},"end":{"line":597,"column":8}},{"start":{"line":597,"column":8},"end":{"line":597,"column":8}}]},"72":{"line":597,"type":"cond-expr","locations":[{"start":{"line":597,"column":16},"end":{"line":597,"column":36}},{"start":{"line":597,"column":41},"end":{"line":597,"column":74}}]},"73":{"line":612,"type":"if","locations":[{"start":{"line":612,"column":15},"end":{"line":612,"column":15}},{"start":{"line":612,"column":15},"end":{"line":612,"column":15}}]},"74":{"line":612,"type":"if","locations":[{"start":{"line":612,"column":31},"end":{"line":612,"column":31}},{"start":{"line":612,"column":31},"end":{"line":612,"column":31}}]},"75":{"line":615,"type":"if","locations":[{"start":{"line":615,"column":8},"end":{"line":615,"column":8}},{"start":{"line":615,"column":8},"end":{"line":615,"column":8}}]},"76":{"line":616,"type":"if","locations":[{"start":{"line":616,"column":8},"end":{"line":616,"column":8}},{"start":{"line":616,"column":8},"end":{"line":616,"column":8}}]},"77":{"line":621,"type":"if","locations":[{"start":{"line":621,"column":67},"end":{"line":621,"column":67}},{"start":{"line":621,"column":67},"end":{"line":621,"column":67}}]},"78":{"line":623,"type":"if","locations":[{"start":{"line":623,"column":8},"end":{"line":623,"column":8}},{"start":{"line":623,"column":8},"end":{"line":623,"column":8}}]},"79":{"line":633,"type":"if","locations":[{"start":{"line":633,"column":60},"end":{"line":633,"column":60}},{"start":{"line":633,"column":60},"end":{"line":633,"column":60}}]},"80":{"line":634,"type":"if","locations":[{"start":{"line":634,"column":8},"end":{"line":634,"column":8}},{"start":{"line":634,"column":8},"end":{"line":634,"column":8}}]}}},"contracts/governance/IBondlyDAO.sol":{"l":{},"path":"/Users/wangxintong/CursorProjects/Bondly/bondly-contracts/contracts/governance/IBondlyDAO.sol","s":{},"b":{},"f":{},"fnMap":{},"statementMap":{},"branchMap":{}},"contracts/governance/IBondlyVoting.sol":{"l":{},"path":"/Users/wangxintong/CursorProjects/Bondly/bondly-contracts/contracts/governance/IBondlyVoting.sol","s":{},"b":{},"f":{},"fnMap":{},"statementMap":{},"branchMap":{}},"contracts/nft/AchievementNFT.sol":{"l":{"111":38,"114":38,"115":38,"116":38,"117":38,"130":47,"131":46,"132":45,"133":45,"134":45,"135":45,"136":45,"137":45,"138":45,"139":45,"140":45,"141":45,"150":4,"151":3,"159":3,"160":3,"161":3,"162":3,"163":3,"164":3,"165":3,"175":2,"176":2,"177":2,"178":2,"179":3,"180":3,"181":3,"190":4,"191":4,"198":1,"199":1,"208":1,"217":0,"220":53,"222":53,"223":5,"225":48,"232":4},"path":"/Users/wangxintong/CursorProjects/Bondly/bondly-contracts/contracts/nft/AchievementNFT.sol","s":{"1":38,"2":38,"3":38,"4":38,"5":47,"6":46,"7":45,"8":45,"9":45,"10":45,"11":45,"12":4,"13":3,"14":3,"15":3,"16":3,"17":3,"18":2,"19":2,"20":3,"21":4,"22":4,"23":1,"24":1,"25":0,"26":53,"27":53,"28":5,"29":48,"30":4},"b":{"1":[48,1],"2":[47,1],"3":[46,1],"4":[45,1],"5":[3,1],"6":[4,1],"7":[3,1],"8":[4,1],"9":[1,0],"10":[1,1],"11":[5,48]},"f":{"1":38,"2":47,"3":4,"4":3,"5":2,"6":4,"7":1,"8":1,"9":0,"10":53,"11":4},"fnMap":{"1":{"name":"constructor","line":110,"loc":{"start":{"line":105,"column":4},"end":{"line":118,"column":4}}},"2":{"name":"mintAchievement","line":129,"loc":{"start":{"line":129,"column":4},"end":{"line":142,"column":4}}},"3":{"name":"tokenURI","line":149,"loc":{"start":{"line":149,"column":4},"end":{"line":152,"column":4}}},"4":{"name":"burn","line":158,"loc":{"start":{"line":158,"column":4},"end":{"line":166,"column":4}}},"5":{"name":"getUserAchievements","line":174,"loc":{"start":{"line":174,"column":4},"end":{"line":183,"column":4}}},"6":{"name":"pause","line":189,"loc":{"start":{"line":189,"column":4},"end":{"line":192,"column":4}}},"7":{"name":"unpause","line":197,"loc":{"start":{"line":197,"column":4},"end":{"line":200,"column":4}}},"8":{"name":"setAchievementURI","line":207,"loc":{"start":{"line":207,"column":4},"end":{"line":209,"column":4}}},"9":{"name":"_increaseBalance","line":216,"loc":{"start":{"line":216,"column":4},"end":{"line":218,"column":4}}},"10":{"name":"_update","line":219,"loc":{"start":{"line":219,"column":4},"end":{"line":226,"column":4}}},"11":{"name":"supportsInterface","line":231,"loc":{"start":{"line":231,"column":4},"end":{"line":233,"column":4}}}},"statementMap":{"1":{"start":{"line":114,"column":8},"end":{"line":114,"column":51}},"2":{"start":{"line":115,"column":8},"end":{"line":115,"column":44}},"3":{"start":{"line":116,"column":8},"end":{"line":116,"column":44}},"4":{"start":{"line":117,"column":8},"end":{"line":117,"column":44}},"5":{"start":{"line":130,"column":8},"end":{"line":130,"column":63}},"6":{"start":{"line":131,"column":8},"end":{"line":131,"column":69}},"7":{"start":{"line":133,"column":8},"end":{"line":133,"column":41}},"8":{"start":{"line":134,"column":8},"end":{"line":134,"column":29}},"9":{"start":{"line":139,"column":8},"end":{"line":139,"column":58}},"10":{"start":{"line":140,"column":8},"end":{"line":140,"column":59}},"11":{"start":{"line":141,"column":8},"end":{"line":141,"column":22}},"12":{"start":{"line":150,"column":8},"end":{"line":150,"column":78}},"13":{"start":{"line":151,"column":8},"end":{"line":151,"column":34}},"14":{"start":{"line":159,"column":8},"end":{"line":159,"column":40}},"15":{"start":{"line":160,"column":8},"end":{"line":160,"column":54}},"16":{"start":{"line":162,"column":8},"end":{"line":162,"column":21}},"17":{"start":{"line":165,"column":8},"end":{"line":165,"column":61}},"18":{"start":{"line":175,"column":8},"end":{"line":175,"column":41}},"19":{"start":{"line":178,"column":8},"end":{"line":178,"column":5620}},"20":{"start":{"line":179,"column":12},"end":{"line":179,"column":58}},"21":{"start":{"line":190,"column":8},"end":{"line":190,"column":15}},"22":{"start":{"line":191,"column":8},"end":{"line":191,"column":47}},"23":{"start":{"line":198,"column":8},"end":{"line":198,"column":17}},"24":{"start":{"line":199,"column":8},"end":{"line":199,"column":41}},"25":{"start":{"line":217,"column":8},"end":{"line":217,"column":46}},"26":{"start":{"line":220,"column":8},"end":{"line":220,"column":40}},"27":{"start":{"line":222,"column":8},"end":{"line":222,"column":7036}},"28":{"start":{"line":223,"column":12},"end":{"line":223,"column":48}},"29":{"start":{"line":225,"column":8},"end":{"line":225,"column":47}},"30":{"start":{"line":232,"column":8},"end":{"line":232,"column":51}}},"branchMap":{"1":{"line":129,"type":"if","locations":[{"start":{"line":129,"column":97},"end":{"line":129,"column":97}},{"start":{"line":129,"column":97},"end":{"line":129,"column":97}}]},"2":{"line":129,"type":"if","locations":[{"start":{"line":129,"column":119},"end":{"line":129,"column":119}},{"start":{"line":129,"column":119},"end":{"line":129,"column":119}}]},"3":{"line":130,"type":"if","locations":[{"start":{"line":130,"column":8},"end":{"line":130,"column":8}},{"start":{"line":130,"column":8},"end":{"line":130,"column":8}}]},"4":{"line":131,"type":"if","locations":[{"start":{"line":131,"column":8},"end":{"line":131,"column":8}},{"start":{"line":131,"column":8},"end":{"line":131,"column":8}}]},"5":{"line":150,"type":"if","locations":[{"start":{"line":150,"column":8},"end":{"line":150,"column":8}},{"start":{"line":150,"column":8},"end":{"line":150,"column":8}}]},"6":{"line":158,"type":"if","locations":[{"start":{"line":158,"column":44},"end":{"line":158,"column":44}},{"start":{"line":158,"column":44},"end":{"line":158,"column":44}}]},"7":{"line":158,"type":"if","locations":[{"start":{"line":158,"column":66},"end":{"line":158,"column":66}},{"start":{"line":158,"column":66},"end":{"line":158,"column":66}}]},"8":{"line":189,"type":"if","locations":[{"start":{"line":189,"column":50},"end":{"line":189,"column":50}},{"start":{"line":189,"column":50},"end":{"line":189,"column":50}}]},"9":{"line":197,"type":"if","locations":[{"start":{"line":197,"column":32},"end":{"line":197,"column":32}},{"start":{"line":197,"column":32},"end":{"line":197,"column":32}}]},"10":{"line":207,"type":"if","locations":[{"start":{"line":207,"column":82},"end":{"line":207,"column":82}},{"start":{"line":207,"column":82},"end":{"line":207,"column":82}}]},"11":{"line":222,"type":"if","locations":[{"start":{"line":222,"column":8},"end":{"line":222,"column":8}},{"start":{"line":222,"column":8},"end":{"line":222,"column":8}}]}}},"contracts/nft/ContentNFT.sol":{"l":{"96":26,"99":26,"100":26,"101":26,"127":23,"128":22,"129":21,"130":21,"131":21,"132":21,"133":21,"140":21,"141":21,"153":5,"154":2,"162":4,"163":4,"170":1,"171":1,"180":3,"187":0,"194":2,"201":3,"210":4,"214":1,"218":1},"path":"/Users/wangxintong/CursorProjects/Bondly/bondly-contracts/contracts/nft/ContentNFT.sol","s":{"1":26,"2":26,"3":26,"4":23,"5":22,"6":21,"7":21,"8":21,"9":21,"10":21,"11":5,"12":2,"13":4,"14":4,"15":1,"16":1,"17":3,"18":0,"19":2,"20":3,"21":4,"22":1},"b":{"1":[24,1],"2":[23,1],"3":[22,1],"4":[21,1],"5":[2,3],"6":[4,1],"7":[1,1],"8":[3,1],"9":[0,0],"10":[2,1],"11":[3,1],"12":[1,1]},"f":{"1":26,"2":23,"3":5,"4":4,"5":1,"6":3,"7":0,"8":2,"9":3,"10":4,"11":1,"12":1},"fnMap":{"1":{"name":"constructor","line":95,"loc":{"start":{"line":90,"column":4},"end":{"line":102,"column":4}}},"2":{"name":"mint","line":126,"loc":{"start":{"line":119,"column":4},"end":{"line":142,"column":4}}},"3":{"name":"getContentMeta","line":152,"loc":{"start":{"line":152,"column":4},"end":{"line":155,"column":4}}},"4":{"name":"pause","line":161,"loc":{"start":{"line":161,"column":4},"end":{"line":164,"column":4}}},"5":{"name":"unpause","line":169,"loc":{"start":{"line":169,"column":4},"end":{"line":172,"column":4}}},"6":{"name":"transferFrom","line":179,"loc":{"start":{"line":179,"column":4},"end":{"line":181,"column":4}}},"7":{"name":"safeTransferFrom","line":186,"loc":{"start":{"line":186,"column":4},"end":{"line":188,"column":4}}},"8":{"name":"approve","line":193,"loc":{"start":{"line":193,"column":4},"end":{"line":195,"column":4}}},"9":{"name":"setApprovalForAll","line":200,"loc":{"start":{"line":200,"column":4},"end":{"line":202,"column":4}}},"10":{"name":"supportsInterface","line":209,"loc":{"start":{"line":209,"column":4},"end":{"line":211,"column":4}}},"11":{"name":"setBaseURI","line":213,"loc":{"start":{"line":213,"column":4},"end":{"line":215,"column":4}}},"12":{"name":"_baseURI","line":217,"loc":{"start":{"line":217,"column":4},"end":{"line":219,"column":4}}}},"statementMap":{"1":{"start":{"line":99,"column":8},"end":{"line":99,"column":51}},"2":{"start":{"line":100,"column":8},"end":{"line":100,"column":44}},"3":{"start":{"line":101,"column":8},"end":{"line":101,"column":44}},"4":{"start":{"line":127,"column":8},"end":{"line":127,"column":63}},"5":{"start":{"line":128,"column":8},"end":{"line":128,"column":63}},"6":{"start":{"line":130,"column":8},"end":{"line":130,"column":41}},"7":{"start":{"line":131,"column":8},"end":{"line":131,"column":29}},"8":{"start":{"line":132,"column":8},"end":{"line":132,"column":38}},"9":{"start":{"line":140,"column":8},"end":{"line":140,"column":49}},"10":{"start":{"line":141,"column":8},"end":{"line":141,"column":22}},"11":{"start":{"line":153,"column":8},"end":{"line":153,"column":78}},"12":{"start":{"line":154,"column":8},"end":{"line":154,"column":37}},"13":{"start":{"line":162,"column":8},"end":{"line":162,"column":15}},"14":{"start":{"line":163,"column":8},"end":{"line":163,"column":47}},"15":{"start":{"line":170,"column":8},"end":{"line":170,"column":17}},"16":{"start":{"line":171,"column":8},"end":{"line":171,"column":41}},"17":{"start":{"line":180,"column":8},"end":{"line":180,"column":44}},"18":{"start":{"line":187,"column":8},"end":{"line":187,"column":54}},"19":{"start":{"line":194,"column":8},"end":{"line":194,"column":33}},"20":{"start":{"line":201,"column":8},"end":{"line":201,"column":50}},"21":{"start":{"line":210,"column":8},"end":{"line":210,"column":51}},"22":{"start":{"line":218,"column":8},"end":{"line":218,"column":28}}},"branchMap":{"1":{"line":126,"type":"if","locations":[{"start":{"line":126,"column":15},"end":{"line":126,"column":15}},{"start":{"line":126,"column":15},"end":{"line":126,"column":15}}]},"2":{"line":126,"type":"if","locations":[{"start":{"line":126,"column":37},"end":{"line":126,"column":37}},{"start":{"line":126,"column":37},"end":{"line":126,"column":37}}]},"3":{"line":127,"type":"if","locations":[{"start":{"line":127,"column":8},"end":{"line":127,"column":8}},{"start":{"line":127,"column":8},"end":{"line":127,"column":8}}]},"4":{"line":128,"type":"if","locations":[{"start":{"line":128,"column":8},"end":{"line":128,"column":8}},{"start":{"line":128,"column":8},"end":{"line":128,"column":8}}]},"5":{"line":153,"type":"if","locations":[{"start":{"line":153,"column":8},"end":{"line":153,"column":8}},{"start":{"line":153,"column":8},"end":{"line":153,"column":8}}]},"6":{"line":161,"type":"if","locations":[{"start":{"line":161,"column":50},"end":{"line":161,"column":50}},{"start":{"line":161,"column":50},"end":{"line":161,"column":50}}]},"7":{"line":169,"type":"if","locations":[{"start":{"line":169,"column":32},"end":{"line":169,"column":32}},{"start":{"line":169,"column":32},"end":{"line":169,"column":32}}]},"8":{"line":179,"type":"if","locations":[{"start":{"line":179,"column":110},"end":{"line":179,"column":110}},{"start":{"line":179,"column":110},"end":{"line":179,"column":110}}]},"9":{"line":186,"type":"if","locations":[{"start":{"line":186,"column":133},"end":{"line":186,"column":133}},{"start":{"line":186,"column":133},"end":{"line":186,"column":133}}]},"10":{"line":193,"type":"if","locations":[{"start":{"line":193,"column":91},"end":{"line":193,"column":91}},{"start":{"line":193,"column":91},"end":{"line":193,"column":91}}]},"11":{"line":200,"type":"if","locations":[{"start":{"line":200,"column":105},"end":{"line":200,"column":105}},{"start":{"line":200,"column":105},"end":{"line":200,"column":105}}]},"12":{"line":213,"type":"if","locations":[{"start":{"line":213,"column":52},"end":{"line":213,"column":52}},{"start":{"line":213,"column":52},"end":{"line":213,"column":52}}]}}},"contracts/registry/BondlyRegistry.sol":{"l":{"26":9,"27":6,"80":468,"81":467,"82":466,"84":465,"85":465,"87":465,"97":226,"107":9,"108":18,"109":9,"112":0,"121":2,"122":2,"131":3,"132":3,"133":2,"134":2,"136":2,"137":2,"141":2,"142":2,"143":2,"146":2,"156":9,"165":46,"173":3,"183":3,"193":0,"200":4,"201":4,"209":2,"211":2,"212":5,"213":3,"214":3,"215":3,"217":3,"218":3,"221":2,"224":2},"path":"/Users/wangxintong/CursorProjects/Bondly/bondly-contracts/contracts/registry/BondlyRegistry.sol","s":{"1":9,"2":468,"3":467,"4":466,"5":465,"6":226,"7":9,"8":18,"9":9,"10":0,"11":2,"12":2,"13":3,"14":3,"15":2,"16":2,"17":2,"18":2,"19":9,"20":46,"21":3,"22":3,"23":0,"24":4,"25":2,"26":5,"27":3,"28":3,"29":2},"b":{"1":[6,3],"2":[6,0],"3":[468,1],"4":[467,1],"5":[466,1],"6":[465,1],"7":[9,9],"8":[3,1],"9":[2,1],"10":[2,0],"11":[4,2],"12":[2,1],"13":[3,2]},"f":{"1":9,"2":198,"3":468,"4":226,"5":9,"6":2,"7":3,"8":9,"9":46,"10":3,"11":3,"12":0,"13":4,"14":2},"fnMap":{"1":{"name":"onlyOwnerOrDAO","line":25,"loc":{"start":{"line":25,"column":4},"end":{"line":28,"column":4}}},"2":{"name":"constructor","line":36,"loc":{"start":{"line":36,"column":4},"end":{"line":36,"column":61}}},"3":{"name":"setContractAddress","line":79,"loc":{"start":{"line":79,"column":4},"end":{"line":88,"column":4}}},"4":{"name":"getContractAddress","line":96,"loc":{"start":{"line":96,"column":4},"end":{"line":98,"column":4}}},"5":{"name":"getContractAddress","line":105,"loc":{"start":{"line":105,"column":4},"end":{"line":113,"column":4}}},"6":{"name":"resolve","line":120,"loc":{"start":{"line":120,"column":4},"end":{"line":123,"column":4}}},"7":{"name":"removeContractAddress","line":130,"loc":{"start":{"line":130,"column":4},"end":{"line":147,"column":4}}},"8":{"name":"isContractRegistered","line":155,"loc":{"start":{"line":155,"column":4},"end":{"line":157,"column":4}}},"9":{"name":"isContractRegisteredByAddress","line":164,"loc":{"start":{"line":164,"column":4},"end":{"line":166,"column":4}}},"10":{"name":"getAllContractNameVersions","line":172,"loc":{"start":{"line":172,"column":4},"end":{"line":174,"column":4}}},"11":{"name":"isAddressRegisteredAs","line":182,"loc":{"start":{"line":182,"column":4},"end":{"line":184,"column":4}}},"12":{"name":"getContractVersions","line":191,"loc":{"start":{"line":191,"column":4},"end":{"line":194,"column":4}}},"13":{"name":"deprecateContract","line":199,"loc":{"start":{"line":199,"column":4},"end":{"line":202,"column":4}}},"14":{"name":"removeContract","line":207,"loc":{"start":{"line":207,"column":4},"end":{"line":225,"column":4}}}},"statementMap":{"1":{"start":{"line":26,"column":8},"end":{"line":26,"column":78}},"2":{"start":{"line":80,"column":8},"end":{"line":80,"column":55}},"3":{"start":{"line":81,"column":8},"end":{"line":81,"column":61}},"4":{"start":{"line":82,"column":8},"end":{"line":82,"column":68}},"5":{"start":{"line":87,"column":8},"end":{"line":87,"column":52}},"6":{"start":{"line":97,"column":8},"end":{"line":97,"column":46}},"7":{"start":{"line":107,"column":8},"end":{"line":107,"column":3113}},"8":{"start":{"line":108,"column":12},"e
[...]
"line":364,"loc":{"start":{"line":364,"column":4},"end":{"line":368,"column":4}}},"18":{"name":"updateFundsParameters","line":378,"loc":{"start":{"line":375,"column":4},"end":{"line":382,"column":4}}},"19":{"name":"setAllowedSetter","line":389,"loc":{"start":{"line":389,"column":4},"end":{"line":391,"column":4}}},"20":{"name":"setAllowedSetters","line":398,"loc":{"start":{"line":398,"column":4},"end":{"line":402,"column":4}}},"21":{"name":"isAllowedSetter","line":409,"loc":{"start":{"line":409,"column":4},"end":{"line":411,"column":4}}},"22":{"name":"getContractInfo","line":416,"loc":{"start":{"line":416,"column":4},"end":{"line":428,"column":4}}},"23":{"name":"syncDAOFromRegistry","line":434,"loc":{"start":{"line":434,"column":4},"end":{"line":440,"column":4}}},"24":{"name":"depositBond","line":446,"loc":{"start":{"line":446,"column":4},"end":{"line":453,"column":4}}},"25":{"name":"executeBondProposal","line":467,"loc":{"start":{"line":462,"column":4},"end":{"line":492,"column":4}}},"26":{"name":"emergencyWithdrawBond","line":504,"loc":{"start":{"line":500,"column":4},"end":{"line":510,"column":4}}},"27":{"name":"syncBondTokenFromRegistry","line":516,"loc":{"start":{"line":516,"column":4},"end":{"line":522,"column":4}}},"28":{"name":"getBondFundsStatus","line":527,"loc":{"start":{"line":527,"column":4},"end":{"line":535,"column":4}}},"29":{"name":"updateBondFundsParameters","line":545,"loc":{"start":{"line":542,"column":4},"end":{"line":549,"column":4}}},"30":{"name":"emergencyWithdraw","line":558,"loc":{"start":{"line":554,"column":4},"end":{"line":560,"column":4}}},"31":{"name":"_authorizeUpgrade","line":564,"loc":{"start":{"line":564,"column":4},"end":{"line":568,"column":4}}},"32":{"name":"version","line":571,"loc":{"start":{"line":571,"column":4},"end":{"line":573,"column":4}}}},"statementMap":{"1":{"start":{"line":82,"column":8},"end":{"line":82,"column":72}},"2":{"start":{"line":83,"column":8},"end":{"line":83,"column":68}},"3":{"start":{"line":89,"column":8},"end":{"line":89,"column":102}},"4":{"start":{"line":95,"column":8},"end":{"line":95,"column":100}},"5":{"start":{"line":107,"column":8},"end":{"line":107,"column":83}},"6":{"start":{"line":145,"column":8},"end":{"line":145,"column":85}},"7":{"start":{"line":146,"column":8},"end":{"line":146,"column":72}},"8":{"start":{"line":147,"column":8},"end":{"line":147,"column":79}},"9":{"start":{"line":148,"column":8},"end":{"line":148,"column":76}},"10":{"start":{"line":149,"column":8},"end":{"line":149,"column":76}},"11":{"start":{"line":152,"column":8},"end":{"line":152,"column":28}},"12":{"start":{"line":153,"column":8},"end":{"line":153,"column":5616}},"13":{"start":{"line":158,"column":8},"end":{"line":158,"column":5792}},"14":{"start":{"line":162,"column":8},"end":{"line":162,"column":69}},"15":{"start":{"line":173,"column":8},"end":{"line":173,"column":70}},"16":{"start":{"line":174,"column":8},"end":{"line":174,"column":79}},"17":{"start":{"line":176,"column":8},"end":{"line":176,"column":60}},"18":{"start":{"line":177,"column":8},"end":{"line":177,"column":52}},"19":{"start":{"line":178,"column":8},"end":{"line":178,"column":57}},"20":{"start":{"line":203,"column":8},"end":{"line":203,"column":91}},"21":{"start":{"line":221,"column":8},"end":{"line":221,"column":85}},"22":{"start":{"line":222,"column":8},"end":{"line":222,"column":72}},"23":{"start":{"line":223,"column":8},"end":{"line":223,"column":72}},"24":{"start":{"line":224,"column":8},"end":{"line":224,"column":73}},"25":{"start":{"line":225,"column":8},"end":{"line":225,"column":73}},"26":{"start":{"line":230,"column":8},"end":{"line":230,"column":28}},"27":{"start":{"line":231,"column":8},"end":{"line":231,"column":8190}},"28":{"start":{"line":239,"column":8},"end":{"line":239,"column":8419}},"29":{"start":{"line":245,"column":8},"end":{"line":245,"column":66}},"30":{"start":{"line":259,"column":8},"end":{"line":259,"column":85}},"31":{"start":{"line":260,"column":8},"end":{"line":260,"column":72}},"32":{"start":{"line":261,"column":8},"end":{"line":261,"column":65}},"33":{"start":{"line":264,"column":8},"end":{"line":264,"column":9262}},"34":{"start":{"line":270,"column":8},"end":{"line":270,"column":50}},"35":{"start":{"line":273,"column":8},"end":{"line":273,"column":9528}},"36":{"start":{"line":281,"column":8},"end":{"line":281,"column":44}},"37":{"start":{"line":283,"column":8},"end":{"line":283,"column":9786}},"38":{"start":{"line":286,"column":12},"end":{"line":286,"column":54}},"39":{"start":{"line":289,"column":8},"end":{"line":289,"column":61}},"40":{"start":{"line":303,"column":8},"end":{"line":303,"column":70}},"41":{"start":{"line":304,"column":8},"end":{"line":304,"column":70}},"42":{"start":{"line":306,"column":8},"end":{"line":306,"column":48}},"43":{"start":{"line":329,"column":8},"end":{"line":329,"column":44}},"44":{"start":{"line":338,"column":8},"end":{"line":338,"column":42}},"45":{"start":{"line":343,"column":8},"end":{"line":343,"column":46}},"46":{"start":{"line":353,"column":8},"end":{"line":353,"column":78}},"47":{"start":{"line":354,"column":8},"end":{"line":354,"column":45}},"48":{"start":{"line":356,"column":8},"end":{"line":356,"column":55}},"49":{"start":{"line":365,"column":8},"end":{"line":365,"column":53}},"50":{"start":{"line":367,"column":8},"end":{"line":367,"column":53}},"51":{"start":{"line":379,"column":8},"end":{"line":379,"column":85}},"52":{"start":{"line":399,"column":8},"end":{"line":399,"column":13271}},"53":{"start":{"line":410,"column":8},"end":{"line":410,"column":47}},"54":{"start":{"line":435,"column":8},"end":{"line":435,"column":74}},"55":{"start":{"line":436,"column":8},"end":{"line":436,"column":76}},"56":{"start":{"line":437,"column":8},"end":{"line":437,"column":45}},"57":{"start":{"line":439,"column":8},"end":{"line":439,"column":48}},"58":{"start":{"line":447,"column":8},"end":{"line":447,"column":69}},"59":{"start":{"line":448,"column":8},"end":{"line":448,"column":80}},"60":{"start":{"line":449,"column":8},"end":{"line":449,"column":68}},"61":{"start":{"line":452,"column":8},"end":{"line":452,"column":50}},"62":{"start":{"line":468,"column":8},"end":{"line":468,"column":85}},"63":{"start":{"line":469,"column":8},"end":{"line":469,"column":72}},"64":{"start":{"line":470,"column":8},"end":{"line":470,"column":81}},"65":{"start":{"line":471,"column":8},"end":{"line":471,"column":77}},"66":{"start":{"line":472,"column":8},"end":{"line":472,"column":77}},"67":{"start":{"line":477,"column":8},"end":{"line":477,"column":28}},"68":{"start":{"line":479,"column":8},"end":{"line":479,"column":15973}},"69":{"start":{"line":485,"column":8},"end":{"line":485,"column":16132}},"70":{"start":{"line":491,"column":8},"end":{"line":491,"column":70}},"71":{"start":{"line":505,"column":8},"end":{"line":505,"column":70}},"72":{"start":{"line":506,"column":8},"end":{"line":506,"column":81}},"73":{"start":{"line":508,"column":8},"end":{"line":508,"column":48}},"74":{"start":{"line":509,"column":8},"end":{"line":509,"column":58}},"75":{"start":{"line":517,"column":8},"end":{"line":517,"column":78}},"76":{"start":{"line":518,"column":8},"end":{"line":518,"column":85}},"77":{"start":{"line":519,"column":8},"end":{"line":519,"column":45}},"78":{"start":{"line":521,"column":8},"end":{"line":521,"column":50}},"79":{"start":{"line":546,"column":8},"end":{"line":546,"column":93}},"80":{"start":{"line":559,"column":8},"end":{"line":559,"column":55}},"81":{"start":{"line":565,"column":8},"end":{"line":565,"column":72}},"82":{"start":{"line":566,"column":8},"end":{"line":566,"column":71}},"83":{"start":{"line":572,"column":8},"end":{"line":572,"column":22}}},"branchMap":{"1":{"line":83,"type":"if","locations":[{"start":{"line":83,"column":8},"end":{"line":83,"column":8}},{"start":{"line":83,"column":8},"end":{"line":83,"column":8}}]},"2":{"line":89,"type":"if","locations":[{"start":{"line":89,"column":8},"end":{"line":89,"column":8}},{"start":{"line":89,"column":8},"end":{"line":89,"column":8}}]},"3":{"line":89,"type":"cond-expr","locations":[{"start":{"line":89,"column":16},"end":{"line":89,"column":50}},{"start":{"line":89,"column":55},"end":{"line":89,"column":75}}]},"4":{"line":95,"type":"if","locations":[{"start":{"line":95,"column":8},"end":{"line":95,"column":8}},{"start":{"line":95,"column":8},"end":{"line":95,"column":8}}]},"5":{"line":95,"type":"cond-expr","locations":[{"start":{"line":95,"column":16},"end":{"line":95,"column":50}},{"start":{"line":95,"column":55},"end":{"line":95,"column":75}}]},"6":{"line":107,"type":"if","locations":[{"start":{"line":107,"column":8},"end":{"line":107,"column":8}},{"start":{"line":107,"column":8},"end":{"line":107,"column":8}}]},"7":{"line":144,"type":"if","locations":[{"start":{"line":144,"column":15},"end":{"line":144,"column":15}},{"start":{"line":144,"column":15},"end":{"line":144,"column":15}}]},"8":{"line":144,"type":"if","locations":[{"start":{"line":144,"column":31},"end":{"line":144,"column":31}},{"start":{"line":144,"column":31},"end":{"line":144,"column":31}}]},"9":{"line":145,"type":"if","locations":[{"start":{"line":145,"column":8},"end":{"line":145,"column":8}},{"start":{"line":145,"column":8},"end":{"line":145,"column":8}}]},"10":{"line":146,"type":"if","locations":[{"start":{"line":146,"column":8},"end":{"line":146,"column":8}},{"start":{"line":146,"column":8},"end":{"line":146,"column":8}}]},"11":{"line":147,"type":"if","locations":[{"start":{"line":147,"column":8},"end":{"line":147,"column":8}},{"start":{"line":147,"column":8},"end":{"line":147,"column":8}}]},"12":{"line":148,"type":"if","locations":[{"start":{"line":148,"column":8},"end":{"line":148,"column":8}},{"start":{"line":148,"column":8},"end":{"line":148,"column":8}}]},"13":{"line":149,"type":"if","locations":[{"start":{"line":149,"column":8},"end":{"line":149,"column":8}},{"start":{"line":149,"column":8},"end":{"line":149,"column":8}}]},"14":{"line":153,"type":"if","locations":[{"start":{"line":153,"column":8},"end":{"line":153,"column":8}},{"start":{"line":153,"column":8},"end":{"line":153,"column":8}}]},"15":{"line":158,"type":"if","locations":[{"start":{"line":158,"column":8},"end":{"line":158,"column":8}},{"start":{"line":158,"column":8},"end":{"line":158,"column":8}}]},"16":{"line":173,"type":"if","locations":[{"start":{"line":173,"column":8},"end":{"line":173,"column":8}},{"start":{"line":173,"column":8},"end":{"line":173,"column":8}}]},"17":{"line":174,"type":"if","locations":[{"start":{"line":174,"column":8},"end":{"line":174,"column":8}},{"start":{"line":174,"column":8},"end":{"line":174,"column":8}}]},"18":{"line":177,"type":"if","locations":[{"start":{"line":177,"column":8},"end":{"line":177,"column":8}},{"start":{"line":177,"column":8},"end":{"line":177,"column":8}}]},"19":{"line":202,"type":"if","locations":[{"start":{"line":202,"column":15},"end":{"line":202,"column":15}},{"start":{"line":202,"column":15},"end":{"line":202,"column":15}}]},"20":{"line":203,"type":"if","locations":[{"start":{"line":203,"column":8},"end":{"line":203,"column":8}},{"start":{"line":203,"column":8},"end":{"line":203,"column":8}}]},"21":{"line":220,"type":"if","locations":[{"start":{"line":220,"column":24},"end":{"line":220,"column":24}},{"start":{"line":220,"column":24},"end":{"line":220,"column":24}}]},"22":{"line":220,"type":"if","locations":[{"start":{"line":220,"column":40},"end":{"line":220,"column":40}},{"start":{"line":220,"column":40},"end":{"line":220,"column":40}}]},"23":{"line":221,"type":"if","locations":[{"start":{"line":221,"column":8},"end":{"line":221,"column":8}},{"start":{"line":221,"column":8},"end":{"line":221,"column":8}}]},"24":{"line":222,"type":"if","locations":[{"start":{"line":222,"column":8},"end":{"line":222,"column":8}},{"start":{"line":222,"column":8},"end":{"line":222,"column":8}}]},"25":{"line":223,"type":"if","locations":[{"start":{"line":223,"column":8},"end":{"line":223,"column":8}},{"start":{"line":223,"column":8},"end":{"line":223,"column":8}}]},"26":{"line":224,"type":"if","locations":[{"start":{"line":224,"column":8},"end":{"line":224,"column":8}},{"start":{"line":224,"column":8},"end":{"line":224,"column":8}}]},"27":{"line":225,"type":"if","locations":[{"start":{"line":225,"column":8},"end":{"line":225,"column":8}},{"start":{"line":225,"column":8},"end":{"line":225,"column":8}}]},"28":{"line":231,"type":"if","locations":[{"start":{"line":231,"column":8},"end":{"line":231,"column":8}},{"start":{"line":231,"column":8},"end":{"line":231,"column":8}}]},"29":{"line":239,"type":"if","locations":[{"start":{"line":239,"column":8},"end":{"line":239,"column":8}},{"start":{"line":239,"column":8},"end":{"line":239,"column":8}}]},"30":{"line":258,"type":"if","locations":[{"start":{"line":258,"column":15},"end":{"line":258,"column":15}},{"start":{"line":258,"column":15},"end":{"line":258,"column":15}}]},"31":{"line":258,"type":"if","locations":[{"start":{"line":258,"column":31},"end":{"line":258,"column":31}},{"start":{"line":258,"column":31},"end":{"line":258,"column":31}}]},"32":{"line":259,"type":"if","locations":[{"start":{"line":259,"column":8},"end":{"line":259,"column":8}},{"start":{"line":259,"column":8},"end":{"line":259,"column":8}}]},"33":{"line":260,"type":"if","locations":[{"start":{"line":260,"column":8},"end":{"line":260,"column":8}},{"start":{"line":260,"column":8},"end":{"line":260,"column":8}}]},"34":{"line":261,"type":"if","locations":[{"start":{"line":261,"column":8},"end":{"line":261,"column":8}},{"start":{"line":261,"column":8},"end":{"line":261,"column":8}}]},"35":{"line":264,"type":"if","locations":[{"start":{"line":264,"column":8},"end":{"line":264,"column":8}},{"start":{"line":264,"column":8},"end":{"line":264,"column":8}}]},"36":{"line":273,"type":"if","locations":[{"start":{"line":273,"column":8},"end":{"line":273,"column":8}},{"start":{"line":273,"column":8},"end":{"line":273,"column":8}}]},"37":{"line":283,"type":"if","locations":[{"start":{"line":283,"column":8},"end":{"line":283,"column":8}},{"start":{"line":283,"column":8},"end":{"line":283,"column":8}}]},"38":{"line":302,"type":"if","locations":[{"start":{"line":302,"column":24},"end":{"line":302,"column":24}},{"start":{"line":302,"column":24},"end":{"line":302,"column":24}}]},"39":{"line":303,"type":"if","locations":[{"start":{"line":303,"column":8},"end":{"line":303,"column":8}},{"start":{"line":303,"column":8},"end":{"line":303,"column":8}}]},"40":{"line":304,"type":"if","locations":[{"start":{"line":304,"column":8},"end":{"line":304,"column":8}},{"start":{"line":304,"column":8},"end":{"line":304,"column":8}}]},"41":{"line":352,"type":"if","locations":[{"start":{"line":352,"column":73},"end":{"line":352,"column":73}},{"start":{"line":352,"column":73},"end":{"line":352,"column":73}}]},"42":{"line":353,"type":"if","locations":[{"start":{"line":353,"column":8},"end":{"line":353,"column":8}},{"start":{"line":353,"column":8},"end":{"line":353,"column":8}}]},"43":{"line":364,"type":"if","locations":[{"start":{"line":364,"column":82},"end":{"line":364,"column":82}},{"start":{"line":364,"column":82},"end":{"line":364,"column":82}}]},"44":{"line":365,"type":"if","locations":[{"start":{"line":365,"column":8},"end":{"line":365,"column":8}},{"start":{"line":365,"column":8},"end":{"line":365,"column":8}}]},"45":{"line":378,"type":"if","locations":[{"start":{"line":378,"column":24},"end":{"line":378,"column":24}},{"start":{"line":378,"column":24},"end":{"line":378,"column":24}}]},"46":{"line":379,"type":"if","locations":[{"start":{"line":379,"column":8},"end":{"line":379,"column":8}},{"start":{"line":379,"column":8},"end":{"line":379,"column":8}}]},"47":{"line":389,"type":"if","locations":[{"start":{"line":389,"column":78},"end":{"line":389,"column":78}},{"start":{"line":389,"column":78},"end":{"line":389,"column":78}}]},"48":{"line":398,"type":"if","locations":[{"start":{"line":398,"column":91},"end":{"line":398,"column":91}},{"start":{"line":398,"column":91},"end":{"line":398,"column":91}}]},"49":{"line":434,"type":"if","locations":[{"start":{"line":434,"column":66},"end":{"line":434,"column":66}},{"start":{"line":434,"column":66},"end":{"line":434,"column":66}}]},"50":{"line":436,"type":"if","locations":[{"start":{"line":436,"column":8},"end":{"line":436,"column":8}},{"start":{"line":436,"column":8},"end":{"line":436,"column":8}}]},"51":{"line":446,"type":"if","locations":[{"start":{"line":446,"column":50},"end":{"line":446,"column":50}},{"start":{"line":446,"column":50},"end":{"line":446,"column":50}}]},"52":{"line":447,"type":"if","locations":[{"start":{"line":447,"column":8},"end":{"line":447,"column":8}},{"start":{"line":447,"column":8},"end":{"line":447,"column":8}}]},"53":{"line":448,"type":"if","locations":[{"start":{"line":448,"column":8},"end":{"line":448,"column":8}},{"start":{"line":448,"column":8},"end":{"line":448,"column":8}}]},"54":{"line":467,"type":"if","locations":[{"start":{"line":467,"column":15},"end":{"line":467,"column":15}},{"start":{"line":467,"column":15},"end":{"line":467,"column":15}}]},"55":{"line":467,"type":"if","locations":[{"start":{"line":467,"column":31},"end":{"line":467,"column":31}},{"start":{"line":467,"column":31},"end":{"line":467,"column":31}}]},"56":{"line":468,"type":"if","locations":[{"start":{"line":468,"column":8},"end":{"line":468,"column":8}},{"start":{"line":468,"column":8},"end":{"line":468,"column":8}}]},"57":{"line":469,"type":"if","locations":[{"start":{"line":469,"column":8},"end":{"line":469,"column":8}},{"start":{"line":469,"column":8},"end":{"line":469,"column":8}}]},"58":{"line":470,"type":"if","locations":[{"start":{"line":470,"column":8},"end":{"line":470,"column":8}},{"start":{"line":470,"column":8},"end":{"line":470,"column":8}}]},"59":{"line":471,"type":"if","locations":[{"start":{"line":471,"column":8},"end":{"line":471,"column":8}},{"start":{"line":471,"column":8},"end":{"line":471,"column":8}}]},"60":{"line":472,"type":"if","locations":[{"start":{"line":472,"column":8},"end":{"line":472,"column":8}},{"start":{"line":472,"column":8},"end":{"line":472,"column":8}}]},"61":{"line":485,"type":"if","locations":[{"start":{"line":485,"column":8},"end":{"line":485,"column":8}},{"start":{"line":485,"column":8},"end":{"line":485,"column":8}}]},"62":{"line":504,"type":"if","locations":[{"start":{"line":504,"column":15},"end":{"line":504,"column":15}},{"start":{"line":504,"column":15},"end":{"line":504,"column":15}}]},"63":{"line":505,"type":"if","locations":[{"start":{"line":505,"column":8},"end":{"line":505,"column":8}},{"start":{"line":505,"column":8},"end":{"line":505,"column":8}}]},"64":{"line":506,"type":"if","locations":[{"start":{"line":506,"column":8},"end":{"line":506,"column":8}},{"start":{"line":506,"column":8},"end":{"line":506,"column":8}}]},"65":{"line":516,"type":"if","locations":[{"start":{"line":516,"column":72},"end":{"line":516,"column":72}},{"start":{"line":516,"column":72},"end":{"line":516,"column":72}}]},"66":{"line":518,"type":"if","locations":[{"start":{"line":518,"column":8},"end":{"line":518,"column":8}},{"start":{"line":518,"column":8},"end":{"line":518,"column":8}}]},"67":{"line":545,"type":"if","locations":[{"start":{"line":545,"column":15},"end":{"line":545,"column":15}},{"start":{"line":545,"column":15},"end":{"line":545,"column":15}}]},"68":{"line":546,"type":"if","locations":[{"start":{"line":546,"column":8},"end":{"line":546,"column":8}},{"start":{"line":546,"column":8},"end":{"line":546,"column":8}}]},"69":{"line":558,"type":"if","locations":[{"start":{"line":558,"column":24},"end":{"line":558,"column":24}},{"start":{"line":558,"column":24},"end":{"line":558,"column":24}}]},"70":{"line":566,"type":"if","locations":[{"start":{"line":566,"column":8},"end":{"line":566,"column":8}},{"start":{"line":566,"column":8},"end":{"line":566,"column":8}}]}}},"contracts/treasury/IBondlyTreasury.sol":{"l":{},"path":"/Users/wangxintong/CursorProjects/Bondly/bondly-contracts/contracts/treasury/IBondlyTreasury.sol","s":{},"b":{},"f":{},"fnMap":{},"statementMap":{},"branchMap":{}}}